Requirement already satisfied: compressai in /home/egb11/.local/lib/python3.10/site-packages (1.2.8)
Requirement already satisfied: einops in /home/egb11/.local/lib/python3.10/site-packages (from compressai) (0.8.2)
Requirement already satisfied: matplotlib in /apps/sw/miniconda/envs/ai-4/lib/python3.10/site-packages (from compressai) (3.7.2)
Requirement already satisfied: numpy<2.0,>=1.21.0 in /apps/sw/miniconda/envs/ai-4/lib/python3.10/site-packages (from compressai) (1.24.3)
Requirement already satisfied: pandas in /apps/sw/miniconda/envs/ai-4/lib/python3.10/site-packages (from compressai) (2.0.3)
Requirement already satisfied: pybind11>=2.6.0 in /home/egb11/.local/lib/python3.10/site-packages (from compressai) (3.0.2)
Requirement already satisfied: pytorch-msssim in /home/egb11/.local/lib/python3.10/site-packages (from compressai) (1.0.0)
Requirement already satisfied: scipy in /apps/sw/miniconda/envs/ai-4/lib/python3.10/site-packages (from compressai) (1.11.1)
Requirement already satisfied: setuptools>=68 in /apps/sw/miniconda/envs/ai-4/lib/python3.10/site-packages (from compressai) (68.0.0)
Requirement already satisfied: tomli>=2.2.1 in /home/egb11/.local/lib/python3.10/site-packages (from compressai) (2.4.0)
Requirement already satisfied: torch-geometric>=2.3.0 in /home/egb11/.local/lib/python3.10/site-packages (from compressai) (2.7.0)
Requirement already satisfied: torch>=1.13.1 in /apps/sw/miniconda/envs/ai-4/lib/python3.10/site-packages (from compressai) (2.1.2)
Requirement already satisfied: torchvision in /apps/sw/miniconda/envs/ai-4/lib/python3.10/site-packages (from compressai) (0.16.2)
Requirement already satisfied: tqdm in /apps/sw/miniconda/envs/ai-4/lib/python3.10/site-packages (from compressai) (4.65.0)
Requirement already satisfied: typing-extensions>=4.0.0 in /apps/sw/miniconda/envs/ai-4/lib/python3.10/site-packages (from compressai) (4.15.0)
Requirement already satisfied: wheel>=0.32.0 in /apps/sw/miniconda/envs/ai-4/lib/python3.10/site-packages (from compressai) (0.38.4)
Requirement already satisfied: filelock in /apps/sw/miniconda/envs/ai-4/lib/python3.10/site-packages (from torch>=1.13.1->compressai) (3.9.0)
Requirement already satisfied: sympy in /apps/sw/miniconda/envs/ai-4/lib/python3.10/site-packages (from torch>=1.13.1->compressai) (1.11.1)
Requirement already satisfied: networkx in /apps/sw/miniconda/envs/ai-4/lib/python3.10/site-packages (from torch>=1.13.1->compressai) (3.1)
Requirement already satisfied: jinja2 in /apps/sw/miniconda/envs/ai-4/lib/python3.10/site-packages (from torch>=1.13.1->compressai) (3.1.2)
Requirement already satisfied: fsspec in /apps/sw/miniconda/envs/ai-4/lib/python3.10/site-packages (from torch>=1.13.1->compressai) (2025.3.0)
Requirement already satisfied: aiohttp in /apps/sw/miniconda/envs/ai-4/lib/python3.10/site-packages (from torch-geometric>=2.3.0->compressai) (3.8.5)
Requirement already satisfied: psutil>=5.8.0 in /apps/sw/miniconda/envs/ai-4/lib/python3.10/site-packages (from torch-geometric>=2.3.0->compressai) (5.9.0)
Requirement already satisfied: pyparsing in /apps/sw/miniconda/envs/ai-4/lib/python3.10/site-packages (from torch-geometric>=2.3.0->compressai) (3.0.9)
Requirement already satisfied: requests in /apps/sw/miniconda/envs/ai-4/lib/python3.10/site-packages (from torch-geometric>=2.3.0->compressai) (2.31.0)
Requirement already satisfied: xxhash in /apps/sw/miniconda/envs/ai-4/lib/python3.10/site-packages (from torch-geometric>=2.3.0->compressai) (2.0.2)
Requirement already satisfied: attrs>=17.3.0 in /apps/sw/miniconda/envs/ai-4/lib/python3.10/site-packages (from aiohttp->torch-geometric>=2.3.0->compressai) (22.1.0)
Requirement already satisfied: charset-normalizer<4.0,>=2.0 in /apps/sw/miniconda/envs/ai-4/lib/python3.10/site-packages (from aiohttp->torch-geometric>=2.3.0->compressai) (2.0.4)
Requirement already satisfied: multidict<7.0,>=4.5 in /apps/sw/miniconda/envs/ai-4/lib/python3.10/site-packages (from aiohttp->torch-geometric>=2.3.0->compressai) (6.0.2)
Requirement already satisfied: async-timeout<5.0,>=4.0.0a3 in /apps/sw/miniconda/envs/ai-4/lib/python3.10/site-packages (from aiohttp->torch-geometric>=2.3.0->compressai) (4.0.2)
Requirement already satisfied: yarl<2.0,>=1.0 in /apps/sw/miniconda/envs/ai-4/lib/python3.10/site-packages (from aiohttp->torch-geometric>=2.3.0->compressai) (1.8.1)
Requirement already satisfied: frozenlist>=1.1.1 in /apps/sw/miniconda/envs/ai-4/lib/python3.10/site-packages (from aiohttp->torch-geometric>=2.3.0->compressai) (1.3.3)
Requirement already satisfied: aiosignal>=1.1.2 in /apps/sw/miniconda/envs/ai-4/lib/python3.10/site-packages (from aiohttp->torch-geometric>=2.3.0->compressai) (1.2.0)
Requirement already satisfied: idna>=2.0 in /apps/sw/miniconda/envs/ai-4/lib/python3.10/site-packages (from yarl<2.0,>=1.0->aiohttp->torch-geometric>=2.3.0->compressai) (3.4)
Requirement already satisfied: MarkupSafe>=2.0 in /apps/sw/miniconda/envs/ai-4/lib/python3.10/site-packages (from jinja2->torch>=1.13.1->compressai) (2.1.1)
Requirement already satisfied: contourpy>=1.0.1 in /apps/sw/miniconda/envs/ai-4/lib/python3.10/site-packages (from matplotlib->compressai) (1.0.5)
Requirement already satisfied: cycler>=0.10 in /apps/sw/miniconda/envs/ai-4/lib/python3.10/site-packages (from matplotlib->compressai) (0.11.0)
Requirement already satisfied: fonttools>=4.22.0 in /apps/sw/miniconda/envs/ai-4/lib/python3.10/site-packages (from matplotlib->compressai) (4.25.0)
Requirement already satisfied: kiwisolver>=1.0.1 in /apps/sw/miniconda/envs/ai-4/lib/python3.10/site-packages (from matplotlib->compressai) (1.4.4)
Requirement already satisfied: packaging>=20.0 in /apps/sw/miniconda/envs/ai-4/lib/python3.10/site-packages (from matplotlib->compressai) (23.1)
Requirement already satisfied: pillow>=6.2.0 in /apps/sw/miniconda/envs/ai-4/lib/python3.10/site-packages (from matplotlib->compressai) (9.4.0)
Requirement already satisfied: python-dateutil>=2.7 in /apps/sw/miniconda/envs/ai-4/lib/python3.10/site-packages (from matplotlib->compressai) (2.8.2)
Requirement already satisfied: six>=1.5 in /apps/sw/miniconda/envs/ai-4/lib/python3.10/site-packages (from python-dateutil>=2.7->matplotlib->compressai) (1.16.0)
Requirement already satisfied: pytz>=2020.1 in /apps/sw/miniconda/envs/ai-4/lib/python3.10/site-packages (from pandas->compressai) (2023.3.post1)
Requirement already satisfied: tzdata>=2022.1 in /apps/sw/miniconda/envs/ai-4/lib/python3.10/site-packages (from pandas->compressai) (2023.3)
Requirement already satisfied: urllib3<3,>=1.21.1 in /apps/sw/miniconda/envs/ai-4/lib/python3.10/site-packages (from requests->torch-geometric>=2.3.0->compressai) (1.26.16)
Requirement already satisfied: certifi>=2017.4.17 in /apps/sw/miniconda/envs/ai-4/lib/python3.10/site-packages (from requests->torch-geometric>=2.3.0->compressai) (2023.11.17)
Requirement already satisfied: mpmath>=0.19 in /apps/sw/miniconda/envs/ai-4/lib/python3.10/site-packages (from sympy->torch>=1.13.1->compressai) (1.3.0)

[notice] A new release of pip is available: 25.1.1 -> 26.0.1
[notice] To update, run: pip install --upgrade pip
Dataset: Loaded 10000 images (Starting from index 60000)
Distillation: Student(96ch) -> Teacher(320ch)
Resuming training from: ./checkpoints/student_epoch_9_imgs_40000.pth
cuda

--- Starting Epoch 10 (Focus: Image Quality) ---
Epoch 10 [0/1250] | Loss: 8.5001 | MSE: 0.00047
Epoch 10 [20/1250] | Loss: 7.6818 | MSE: 0.00051
Epoch 10 [40/1250] | Loss: 6.7197 | MSE: 0.00047
Epoch 10 [60/1250] | Loss: 6.7782 | MSE: 0.00076
Epoch 10 [80/1250] | Loss: 8.5276 | MSE: 0.00060
Epoch 10 [100/1250] | Loss: 6.9213 | MSE: 0.00043
Epoch 10 [120/1250] | Loss: 7.2287 | MSE: 0.00068
Epoch 10 [140/1250] | Loss: 5.2337 | MSE: 0.00042
Epoch 10 [160/1250] | Loss: 5.9021 | MSE: 0.00057
Epoch 10 [180/1250] | Loss: 5.1559 | MSE: 0.00048
Epoch 10 [200/1250] | Loss: 5.6461 | MSE: 0.00063
Epoch 10 [220/1250] | Loss: 4.5476 | MSE: 0.00045
Epoch 10 [240/1250] | Loss: 4.7578 | MSE: 0.00070
Epoch 10 [260/1250] | Loss: 4.8746 | MSE: 0.00073
Epoch 10 [280/1250] | Loss: 4.3666 | MSE: 0.00064
Epoch 10 [300/1250] | Loss: 6.2054 | MSE: 0.00122
Epoch 10 [320/1250] | Loss: 7.0773 | MSE: 0.00131
Epoch 10 [340/1250] | Loss: 7.4439 | MSE: 0.00135
Epoch 10 [360/1250] | Loss: 4.1035 | MSE: 0.00054
Epoch 10 [380/1250] | Loss: 3.3240 | MSE: 0.00041
Epoch 10 [400/1250] | Loss: 3.7536 | MSE: 0.00054
Epoch 10 [420/1250] | Loss: 2.9788 | MSE: 0.00033
Epoch 10 [440/1250] | Loss: 3.7884 | MSE: 0.00061
Epoch 10 [460/1250] | Loss: 3.9490 | MSE: 0.00053
Epoch 10 [480/1250] | Loss: 3.4335 | MSE: 0.00043
Epoch 10 [500/1250] | Loss: 3.2581 | MSE: 0.00041
Epoch 10 [520/1250] | Loss: 3.0261 | MSE: 0.00030
Epoch 10 [540/1250] | Loss: 3.3356 | MSE: 0.00043
Epoch 10 [560/1250] | Loss: 3.4626 | MSE: 0.00044
Epoch 10 [580/1250] | Loss: 3.9364 | MSE: 0.00061
Epoch 10 [600/1250] | Loss: 3.3282 | MSE: 0.00045
Epoch 10 [620/1250] | Loss: 2.7440 | MSE: 0.00029
Epoch 10 [640/1250] | Loss: 4.1276 | MSE: 0.00065
Epoch 10 [660/1250] | Loss: 3.6066 | MSE: 0.00049
Epoch 10 [680/1250] | Loss: 3.7918 | MSE: 0.00064
Epoch 10 [700/1250] | Loss: 2.7786 | MSE: 0.00033
Epoch 10 [720/1250] | Loss: 2.7884 | MSE: 0.00038
Epoch 10 [740/1250] | Loss: 2.9497 | MSE: 0.00037
Epoch 10 [760/1250] | Loss: 3.1145 | MSE: 0.00040
Epoch 10 [780/1250] | Loss: 2.5644 | MSE: 0.00029
Epoch 10 [800/1250] | Loss: 3.8178 | MSE: 0.00064
Epoch 10 [820/1250] | Loss: 3.0611 | MSE: 0.00044
Epoch 10 [840/1250] | Loss: 4.4184 | MSE: 0.00080
Epoch 10 [860/1250] | Loss: 2.8692 | MSE: 0.00038
Epoch 10 [880/1250] | Loss: 3.0548 | MSE: 0.00045
Epoch 10 [900/1250] | Loss: 3.4093 | MSE: 0.00051
Epoch 10 [920/1250] | Loss: 2.6800 | MSE: 0.00039
Epoch 10 [940/1250] | Loss: 2.7321 | MSE: 0.00036
Epoch 10 [960/1250] | Loss: 2.2545 | MSE: 0.00026
Epoch 10 [980/1250] | Loss: 3.0077 | MSE: 0.00042
Epoch 10 [1000/1250] | Loss: 4.0832 | MSE: 0.00078
Epoch 10 [1020/1250] | Loss: 3.4466 | MSE: 0.00060
Epoch 10 [1040/1250] | Loss: 2.7964 | MSE: 0.00041
Epoch 10 [1060/1250] | Loss: 2.7053 | MSE: 0.00039
Epoch 10 [1080/1250] | Loss: 2.8894 | MSE: 0.00044
Epoch 10 [1100/1250] | Loss: 3.0239 | MSE: 0.00042
Epoch 10 [1120/1250] | Loss: 3.1327 | MSE: 0.00051
Epoch 10 [1140/1250] | Loss: 3.2824 | MSE: 0.00055
Epoch 10 [1160/1250] | Loss: 7.5856 | MSE: 0.00182
Epoch 10 [1180/1250] | Loss: 6.4021 | MSE: 0.00122
Epoch 10 [1200/1250] | Loss: 4.6739 | MSE: 0.00058
Epoch 10 [1220/1250] | Loss: 4.8811 | MSE: 0.00093
Epoch 10 [1240/1250] | Loss: 3.9105 | MSE: 0.00066
Checkpoint saved: ./checkpoints/student_epoch_10_imgs_60000.pth

--- Starting Epoch 11 (Focus: Image Quality) ---
Epoch 11 [0/1250] | Loss: 3.0237 | MSE: 0.00039
Epoch 11 [20/1250] | Loss: 2.2849 | MSE: 0.00027
Epoch 11 [40/1250] | Loss: 3.3139 | MSE: 0.00053
Epoch 11 [60/1250] | Loss: 3.1748 | MSE: 0.00054
Epoch 11 [80/1250] | Loss: 3.0375 | MSE: 0.00050
Epoch 11 [100/1250] | Loss: 3.5127 | MSE: 0.00060
Epoch 11 [120/1250] | Loss: 2.6370 | MSE: 0.00039
Epoch 11 [140/1250] | Loss: 2.5947 | MSE: 0.00037
Epoch 11 [160/1250] | Loss: 3.2140 | MSE: 0.00054
Epoch 11 [180/1250] | Loss: 2.3806 | MSE: 0.00032
Epoch 11 [200/1250] | Loss: 3.4665 | MSE: 0.00064
Epoch 11 [220/1250] | Loss: 2.7925 | MSE: 0.00045
Epoch 11 [240/1250] | Loss: 2.5550 | MSE: 0.00037
Epoch 11 [260/1250] | Loss: 2.1809 | MSE: 0.00029
Epoch 11 [280/1250] | Loss: 3.7956 | MSE: 0.00071
Epoch 11 [300/1250] | Loss: 2.4875 | MSE: 0.00034
Epoch 11 [320/1250] | Loss: 2.1283 | MSE: 0.00028
Epoch 11 [340/1250] | Loss: 2.7366 | MSE: 0.00040
Epoch 11 [360/1250] | Loss: 3.3259 | MSE: 0.00063
Epoch 11 [380/1250] | Loss: 2.5040 | MSE: 0.00034
Epoch 11 [400/1250] | Loss: 2.6902 | MSE: 0.00044
Epoch 11 [420/1250] | Loss: 3.2023 | MSE: 0.00056
Epoch 11 [440/1250] | Loss: 2.6723 | MSE: 0.00045
Epoch 11 [460/1250] | Loss: 2.4972 | MSE: 0.00038
Epoch 11 [480/1250] | Loss: 2.1256 | MSE: 0.00029
Epoch 11 [500/1250] | Loss: 2.2734 | MSE: 0.00031
Epoch 11 [520/1250] | Loss: 4.0253 | MSE: 0.00083
Epoch 11 [540/1250] | Loss: 2.5621 | MSE: 0.00041
Epoch 11 [560/1250] | Loss: 2.3042 | MSE: 0.00031
Epoch 11 [580/1250] | Loss: 3.1510 | MSE: 0.00056
Epoch 11 [600/1250] | Loss: 2.9149 | MSE: 0.00051
Epoch 11 [620/1250] | Loss: 3.1030 | MSE: 0.00055
Epoch 11 [640/1250] | Loss: 2.5080 | MSE: 0.00037
Epoch 11 [660/1250] | Loss: 2.9558 | MSE: 0.00052
Epoch 11 [680/1250] | Loss: 3.3889 | MSE: 0.00061
Epoch 11 [700/1250] | Loss: 2.6082 | MSE: 0.00040
Epoch 11 [720/1250] | Loss: 2.5159 | MSE: 0.00040
Epoch 11 [740/1250] | Loss: 3.1114 | MSE: 0.00057
Epoch 11 [760/1250] | Loss: 3.1151 | MSE: 0.00056
Epoch 11 [780/1250] | Loss: 5.4125 | MSE: 0.00125
Epoch 11 [800/1250] | Loss: 4.3058 | MSE: 0.00092
Epoch 11 [820/1250] | Loss: 3.0441 | MSE: 0.00050
Epoch 11 [840/1250] | Loss: 3.8952 | MSE: 0.00079
Epoch 11 [860/1250] | Loss: 1.9578 | MSE: 0.00026
Epoch 11 [880/1250] | Loss: 3.4096 | MSE: 0.00065
Epoch 11 [900/1250] | Loss: 2.3103 | MSE: 0.00035
Epoch 11 [920/1250] | Loss: 3.6619 | MSE: 0.00073
Epoch 11 [940/1250] | Loss: 2.2829 | MSE: 0.00035
Epoch 11 [960/1250] | Loss: 2.2867 | MSE: 0.00035
Epoch 11 [980/1250] | Loss: 2.6295 | MSE: 0.00045
Epoch 11 [1000/1250] | Loss: 2.6324 | MSE: 0.00043
Epoch 11 [1020/1250] | Loss: 2.4953 | MSE: 0.00040
Epoch 11 [1040/1250] | Loss: 2.2040 | MSE: 0.00033
Epoch 11 [1060/1250] | Loss: 2.7798 | MSE: 0.00049
Epoch 11 [1080/1250] | Loss: 4.0389 | MSE: 0.00088
Epoch 11 [1100/1250] | Loss: 2.3362 | MSE: 0.00036
Epoch 11 [1120/1250] | Loss: 2.5285 | MSE: 0.00043
Epoch 11 [1140/1250] | Loss: 2.5998 | MSE: 0.00044
Epoch 11 [1160/1250] | Loss: 4.0052 | MSE: 0.00083
Epoch 11 [1180/1250] | Loss: 2.1575 | MSE: 0.00029
Epoch 11 [1200/1250] | Loss: 3.5869 | MSE: 0.00072
Epoch 11 [1220/1250] | Loss: 3.0172 | MSE: 0.00055
Epoch 11 [1240/1250] | Loss: 4.2528 | MSE: 0.00094
Checkpoint saved: ./checkpoints/student_epoch_11_imgs_60000.pth

--- Starting Epoch 12 (Focus: Image Quality) ---
Epoch 12 [0/1250] | Loss: 3.9646 | MSE: 0.00084
Epoch 12 [20/1250] | Loss: 4.0174 | MSE: 0.00084
Epoch 12 [40/1250] | Loss: 2.6730 | MSE: 0.00046
Epoch 12 [60/1250] | Loss: 2.0677 | MSE: 0.00029
Epoch 12 [80/1250] | Loss: 2.6694 | MSE: 0.00048
Epoch 12 [100/1250] | Loss: 2.1364 | MSE: 0.00032
Epoch 12 [120/1250] | Loss: 1.9067 | MSE: 0.00024
Epoch 12 [140/1250] | Loss: 2.5063 | MSE: 0.00043
Epoch 12 [160/1250] | Loss: 2.7161 | MSE: 0.00046
Epoch 12 [180/1250] | Loss: 2.2551 | MSE: 0.00036
Epoch 12 [200/1250] | Loss: 2.1710 | MSE: 0.00031
Epoch 12 [220/1250] | Loss: 2.7103 | MSE: 0.00048
Epoch 12 [240/1250] | Loss: 2.0702 | MSE: 0.00030
Epoch 12 [260/1250] | Loss: 2.2408 | MSE: 0.00035
Epoch 12 [280/1250] | Loss: 2.0248 | MSE: 0.00029
Epoch 12 [300/1250] | Loss: 2.3183 | MSE: 0.00036
Epoch 12 [320/1250] | Loss: 2.6966 | MSE: 0.00050
Epoch 12 [340/1250] | Loss: 2.4435 | MSE: 0.00042
Epoch 12 [360/1250] | Loss: 2.5205 | MSE: 0.00043
Epoch 12 [380/1250] | Loss: 3.3713 | MSE: 0.00068
Epoch 12 [400/1250] | Loss: 3.1985 | MSE: 0.00062
Epoch 12 [420/1250] | Loss: 2.3537 | MSE: 0.00039
Epoch 12 [440/1250] | Loss: 2.5375 | MSE: 0.00043
Epoch 12 [460/1250] | Loss: 2.3538 | MSE: 0.00039
Epoch 12 [480/1250] | Loss: 2.1655 | MSE: 0.00033
Epoch 12 [500/1250] | Loss: 2.4133 | MSE: 0.00041
Epoch 12 [520/1250] | Loss: 2.4902 | MSE: 0.00043
Epoch 12 [540/1250] | Loss: 1.6739 | MSE: 0.00019
Epoch 12 [560/1250] | Loss: 2.5456 | MSE: 0.00044
Epoch 12 [580/1250] | Loss: 2.0957 | MSE: 0.00030
Epoch 12 [600/1250] | Loss: 2.3822 | MSE: 0.00039
Epoch 12 [620/1250] | Loss: 3.3229 | MSE: 0.00065
Epoch 12 [640/1250] | Loss: 2.7987 | MSE: 0.00052
Epoch 12 [660/1250] | Loss: 1.8818 | MSE: 0.00027
Epoch 12 [680/1250] | Loss: 2.5614 | MSE: 0.00045
Epoch 12 [700/1250] | Loss: 2.0457 | MSE: 0.00031
Epoch 12 [720/1250] | Loss: 3.0502 | MSE: 0.00059
Epoch 12 [740/1250] | Loss: 2.7738 | MSE: 0.00051
Epoch 12 [760/1250] | Loss: 2.6890 | MSE: 0.00051
Epoch 12 [780/1250] | Loss: 2.9734 | MSE: 0.00059
Epoch 12 [800/1250] | Loss: 3.0206 | MSE: 0.00059
Epoch 12 [820/1250] | Loss: 3.5832 | MSE: 0.00074
Epoch 12 [840/1250] | Loss: 2.0491 | MSE: 0.00030
Epoch 12 [860/1250] | Loss: 2.7435 | MSE: 0.00052
Epoch 12 [880/1250] | Loss: 2.5160 | MSE: 0.00044
Epoch 12 [900/1250] | Loss: 2.1406 | MSE: 0.00033
Epoch 12 [920/1250] | Loss: 2.0793 | MSE: 0.00032
Epoch 12 [940/1250] | Loss: 3.1111 | MSE: 0.00060
Epoch 12 [960/1250] | Loss: 3.0202 | MSE: 0.00060
Epoch 12 [980/1250] | Loss: 2.0786 | MSE: 0.00032
Epoch 12 [1000/1250] | Loss: 2.6540 | MSE: 0.00048
Epoch 12 [1020/1250] | Loss: 2.1225 | MSE: 0.00033
Epoch 12 [1040/1250] | Loss: 2.5782 | MSE: 0.00045
Epoch 12 [1060/1250] | Loss: 2.4192 | MSE: 0.00042
Epoch 12 [1080/1250] | Loss: 2.3571 | MSE: 0.00040
Epoch 12 [1100/1250] | Loss: 2.1534 | MSE: 0.00034
Epoch 12 [1120/1250] | Loss: 2.3863 | MSE: 0.00041
Epoch 12 [1140/1250] | Loss: 3.1206 | MSE: 0.00061
Epoch 12 [1160/1250] | Loss: 2.0736 | MSE: 0.00032
Epoch 12 [1180/1250] | Loss: 2.1043 | MSE: 0.00034
Epoch 12 [1200/1250] | Loss: 2.4560 | MSE: 0.00041
Epoch 12 [1220/1250] | Loss: 2.5487 | MSE: 0.00045
Epoch 12 [1240/1250] | Loss: 2.1948 | MSE: 0.00035
Checkpoint saved: ./checkpoints/student_epoch_12_imgs_60000.pth

--- Starting Epoch 13 (Focus: Image Quality) ---
Epoch 13 [0/1250] | Loss: 2.6227 | MSE: 0.00049
Epoch 13 [20/1250] | Loss: 3.6767 | MSE: 0.00077
Epoch 13 [40/1250] | Loss: 2.3642 | MSE: 0.00041
Epoch 13 [60/1250] | Loss: 2.7051 | MSE: 0.00051
Epoch 13 [80/1250] | Loss: 2.3300 | MSE: 0.00039
Epoch 13 [100/1250] | Loss: 3.3860 | MSE: 0.00070
Epoch 13 [120/1250] | Loss: 3.4799 | MSE: 0.00072
Epoch 13 [140/1250] | Loss: 2.1210 | MSE: 0.00036
Epoch 13 [160/1250] | Loss: 3.0121 | MSE: 0.00061
Epoch 13 [180/1250] | Loss: 2.6597 | MSE: 0.00050
Epoch 13 [200/1250] | Loss: 2.4012 | MSE: 0.00043
Epoch 13 [220/1250] | Loss: 2.5441 | MSE: 0.00044
Epoch 13 [240/1250] | Loss: 3.6230 | MSE: 0.00079
Epoch 13 [260/1250] | Loss: 1.6068 | MSE: 0.00020
Epoch 13 [280/1250] | Loss: 1.7794 | MSE: 0.00026
Epoch 13 [300/1250] | Loss: 2.1242 | MSE: 0.00035
Epoch 13 [320/1250] | Loss: 2.4371 | MSE: 0.00041
Epoch 13 [340/1250] | Loss: 1.8555 | MSE: 0.00028
Epoch 13 [360/1250] | Loss: 1.9009 | MSE: 0.00029
Epoch 13 [380/1250] | Loss: 2.0625 | MSE: 0.00032
Epoch 13 [400/1250] | Loss: 3.1097 | MSE: 0.00063
Epoch 13 [420/1250] | Loss: 3.3769 | MSE: 0.00070
Epoch 13 [440/1250] | Loss: 1.8744 | MSE: 0.00028
Epoch 13 [460/1250] | Loss: 1.9863 | MSE: 0.00031
Epoch 13 [480/1250] | Loss: 2.0834 | MSE: 0.00033
Epoch 13 [500/1250] | Loss: 2.4622 | MSE: 0.00044
Epoch 13 [520/1250] | Loss: 2.7421 | MSE: 0.00052
Epoch 13 [540/1250] | Loss: 2.3372 | MSE: 0.00041
Epoch 13 [560/1250] | Loss: 5.0125 | MSE: 0.00123
Epoch 13 [580/1250] | Loss: 6.0330 | MSE: 0.00152
Epoch 13 [600/1250] | Loss: 3.9912 | MSE: 0.00084
Epoch 13 [620/1250] | Loss: 2.2452 | MSE: 0.00041
Epoch 13 [640/1250] | Loss: 3.8403 | MSE: 0.00084
Epoch 13 [660/1250] | Loss: 3.5156 | MSE: 0.00075
Epoch 13 [680/1250] | Loss: 2.3689 | MSE: 0.00043
Epoch 13 [700/1250] | Loss: 2.5296 | MSE: 0.00047
Epoch 13 [720/1250] | Loss: 2.3513 | MSE: 0.00042
Epoch 13 [740/1250] | Loss: 2.8577 | MSE: 0.00057
Epoch 13 [760/1250] | Loss: 2.0164 | MSE: 0.00033
Epoch 13 [780/1250] | Loss: 2.8500 | MSE: 0.00054
Epoch 13 [800/1250] | Loss: 2.1846 | MSE: 0.00038
Epoch 13 [820/1250] | Loss: 1.8108 | MSE: 0.00028
Epoch 13 [840/1250] | Loss: 1.9029 | MSE: 0.00028
Epoch 13 [860/1250] | Loss: 1.8356 | MSE: 0.00027
Epoch 13 [880/1250] | Loss: 2.5536 | MSE: 0.00046
Epoch 13 [900/1250] | Loss: 1.8630 | MSE: 0.00028
Epoch 13 [920/1250] | Loss: 2.5897 | MSE: 0.00048
Epoch 13 [940/1250] | Loss: 2.2519 | MSE: 0.00038
Epoch 13 [960/1250] | Loss: 3.2883 | MSE: 0.00069
Epoch 13 [980/1250] | Loss: 2.0685 | MSE: 0.00036
Epoch 13 [1000/1250] | Loss: 2.9030 | MSE: 0.00058
Epoch 13 [1020/1250] | Loss: 1.8224 | MSE: 0.00027
Epoch 13 [1040/1250] | Loss: 3.2125 | MSE: 0.00065
Epoch 13 [1060/1250] | Loss: 2.0672 | MSE: 0.00033
Epoch 13 [1080/1250] | Loss: 2.6870 | MSE: 0.00053
Epoch 13 [1100/1250] | Loss: 1.8775 | MSE: 0.00029
Epoch 13 [1120/1250] | Loss: 1.7596 | MSE: 0.00027
Epoch 13 [1140/1250] | Loss: 1.8698 | MSE: 0.00029
Epoch 13 [1160/1250] | Loss: 2.0716 | MSE: 0.00036
Epoch 13 [1180/1250] | Loss: 1.7628 | MSE: 0.00028
Epoch 13 [1200/1250] | Loss: 1.7988 | MSE: 0.00028
Epoch 13 [1220/1250] | Loss: 2.6536 | MSE: 0.00051
Epoch 13 [1240/1250] | Loss: 1.7235 | MSE: 0.00025
Checkpoint saved: ./checkpoints/student_epoch_13_imgs_60000.pth

--- Starting Epoch 14 (Focus: Image Quality) ---
Epoch 14 [0/1250] | Loss: 3.4639 | MSE: 0.00075
Epoch 14 [20/1250] | Loss: 2.3817 | MSE: 0.00043
Epoch 14 [40/1250] | Loss: 4.0238 | MSE: 0.00096
Epoch 14 [60/1250] | Loss: 1.8507 | MSE: 0.00028
Epoch 14 [80/1250] | Loss: 2.3189 | MSE: 0.00042
Epoch 14 [100/1250] | Loss: 3.0425 | MSE: 0.00064
Epoch 14 [120/1250] | Loss: 2.9508 | MSE: 0.00059
Epoch 14 [140/1250] | Loss: 4.1386 | MSE: 0.00094
Epoch 14 [160/1250] | Loss: 2.2323 | MSE: 0.00041
Epoch 14 [180/1250] | Loss: 2.4318 | MSE: 0.00047
Epoch 14 [200/1250] | Loss: 2.8659 | MSE: 0.00059
Epoch 14 [220/1250] | Loss: 2.5751 | MSE: 0.00050
Epoch 14 [240/1250] | Loss: 2.3607 | MSE: 0.00043
Epoch 14 [260/1250] | Loss: 2.4817 | MSE: 0.00047
Epoch 14 [280/1250] | Loss: 3.5115 | MSE: 0.00077
Epoch 14 [300/1250] | Loss: 2.7078 | MSE: 0.00054
Epoch 14 [320/1250] | Loss: 1.8490 | MSE: 0.00029
Epoch 14 [340/1250] | Loss: 2.2788 | MSE: 0.00041
Epoch 14 [360/1250] | Loss: 2.4598 | MSE: 0.00044
Epoch 14 [380/1250] | Loss: 2.3661 | MSE: 0.00045
Epoch 14 [400/1250] | Loss: 1.8714 | MSE: 0.00029
Epoch 14 [420/1250] | Loss: 4.5021 | MSE: 0.00111
Epoch 14 [440/1250] | Loss: 5.9224 | MSE: 0.00150
Epoch 14 [460/1250] | Loss: 3.2813 | MSE: 0.00069
Epoch 14 [480/1250] | Loss: 2.5507 | MSE: 0.00050
Epoch 14 [500/1250] | Loss: 2.0311 | MSE: 0.00034
Epoch 14 [520/1250] | Loss: 3.2220 | MSE: 0.00068
Epoch 14 [540/1250] | Loss: 2.7872 | MSE: 0.00054
Epoch 14 [560/1250] | Loss: 2.0250 | MSE: 0.00035
Epoch 14 [580/1250] | Loss: 1.8178 | MSE: 0.00028
Epoch 14 [600/1250] | Loss: 2.9861 | MSE: 0.00064
Epoch 14 [620/1250] | Loss: 1.7236 | MSE: 0.00026
Epoch 14 [640/1250] | Loss: 2.2774 | MSE: 0.00044
Epoch 14 [660/1250] | Loss: 1.7743 | MSE: 0.00029
Epoch 14 [680/1250] | Loss: 2.0318 | MSE: 0.00035
Epoch 14 [700/1250] | Loss: 1.8251 | MSE: 0.00029
Epoch 14 [720/1250] | Loss: 2.4610 | MSE: 0.00048
Epoch 14 [740/1250] | Loss: 2.4708 | MSE: 0.00046
Epoch 14 [760/1250] | Loss: 2.4082 | MSE: 0.00048
Epoch 14 [780/1250] | Loss: 2.3388 | MSE: 0.00043
Epoch 14 [800/1250] | Loss: 2.1382 | MSE: 0.00039
Epoch 14 [820/1250] | Loss: 2.5907 | MSE: 0.00051
Epoch 14 [840/1250] | Loss: 2.3934 | MSE: 0.00045
Epoch 14 [860/1250] | Loss: 1.7911 | MSE: 0.00029
Epoch 14 [880/1250] | Loss: 2.1516 | MSE: 0.00038
Epoch 14 [900/1250] | Loss: 2.6668 | MSE: 0.00054
Epoch 14 [920/1250] | Loss: 1.8601 | MSE: 0.00030
Epoch 14 [940/1250] | Loss: 3.3952 | MSE: 0.00075
Epoch 14 [960/1250] | Loss: 2.2465 | MSE: 0.00041
Epoch 14 [980/1250] | Loss: 2.6538 | MSE: 0.00052
Epoch 14 [1000/1250] | Loss: 2.2974 | MSE: 0.00043
Epoch 14 [1020/1250] | Loss: 2.1023 | MSE: 0.00038
Epoch 14 [1040/1250] | Loss: 2.3884 | MSE: 0.00046
Epoch 14 [1060/1250] | Loss: 2.4612 | MSE: 0.00049
Epoch 14 [1080/1250] | Loss: 2.2273 | MSE: 0.00040
Epoch 14 [1100/1250] | Loss: 1.9274 | MSE: 0.00033
Epoch 14 [1120/1250] | Loss: 2.1235 | MSE: 0.00037
Epoch 14 [1140/1250] | Loss: 2.1166 | MSE: 0.00038
Epoch 14 [1160/1250] | Loss: 2.1514 | MSE: 0.00039
Epoch 14 [1180/1250] | Loss: 2.5526 | MSE: 0.00052
Epoch 14 [1200/1250] | Loss: 2.5716 | MSE: 0.00053
Epoch 14 [1220/1250] | Loss: 2.4049 | MSE: 0.00045
Epoch 14 [1240/1250] | Loss: 2.1369 | MSE: 0.00037
Checkpoint saved: ./checkpoints/student_epoch_14_imgs_60000.pth

--- Starting Epoch 15 (Focus: Image Quality) ---
Epoch 15 [0/1250] | Loss: 3.1947 | MSE: 0.00072
Epoch 15 [20/1250] | Loss: 2.6295 | MSE: 0.00052
Epoch 15 [40/1250] | Loss: 2.5769 | MSE: 0.00052
Epoch 15 [60/1250] | Loss: 1.7129 | MSE: 0.00026
Epoch 15 [80/1250] | Loss: 2.7434 | MSE: 0.00054
Epoch 15 [100/1250] | Loss: 3.7930 | MSE: 0.00084
Epoch 15 [120/1250] | Loss: 3.0264 | MSE: 0.00065
Epoch 15 [140/1250] | Loss: 2.0659 | MSE: 0.00038
Epoch 15 [160/1250] | Loss: 2.5186 | MSE: 0.00048
Epoch 15 [180/1250] | Loss: 1.3918 | MSE: 0.00019
Epoch 15 [200/1250] | Loss: 1.7296 | MSE: 0.00027
Epoch 15 [220/1250] | Loss: 2.0556 | MSE: 0.00037
Epoch 15 [240/1250] | Loss: 3.0886 | MSE: 0.00065
Epoch 15 [260/1250] | Loss: 2.4131 | MSE: 0.00046
Epoch 15 [280/1250] | Loss: 2.1792 | MSE: 0.00039
Epoch 15 [300/1250] | Loss: 1.8210 | MSE: 0.00029
Epoch 15 [320/1250] | Loss: 2.1050 | MSE: 0.00040
Epoch 15 [340/1250] | Loss: 2.3321 | MSE: 0.00045
Epoch 15 [360/1250] | Loss: 2.0299 | MSE: 0.00037
Epoch 15 [380/1250] | Loss: 1.9785 | MSE: 0.00034
Epoch 15 [400/1250] | Loss: 2.3438 | MSE: 0.00044
Epoch 15 [420/1250] | Loss: 2.6893 | MSE: 0.00054
Epoch 15 [440/1250] | Loss: 2.1469 | MSE: 0.00039
Epoch 15 [460/1250] | Loss: 2.4449 | MSE: 0.00048
Epoch 15 [480/1250] | Loss: 1.9686 | MSE: 0.00035
Epoch 15 [500/1250] | Loss: 1.6152 | MSE: 0.00025
Epoch 15 [520/1250] | Loss: 2.5386 | MSE: 0.00050
Epoch 15 [540/1250] | Loss: 1.7013 | MSE: 0.00027
Epoch 15 [560/1250] | Loss: 1.9275 | MSE: 0.00033
Epoch 15 [580/1250] | Loss: 2.2883 | MSE: 0.00045
Epoch 15 [600/1250] | Loss: 2.3365 | MSE: 0.00044
Epoch 15 [620/1250] | Loss: 2.5774 | MSE: 0.00053
Epoch 15 [640/1250] | Loss: 5.5240 | MSE: 0.00139
Epoch 15 [660/1250] | Loss: 3.0060 | MSE: 0.00063
Epoch 15 [680/1250] | Loss: 2.5521 | MSE: 0.00049
Epoch 15 [700/1250] | Loss: 2.2006 | MSE: 0.00042
Epoch 15 [720/1250] | Loss: 2.1648 | MSE: 0.00041
Epoch 15 [740/1250] | Loss: 1.8447 | MSE: 0.00030
Epoch 15 [760/1250] | Loss: 1.8531 | MSE: 0.00033
Epoch 15 [780/1250] | Loss: 2.6706 | MSE: 0.00055
Epoch 15 [800/1250] | Loss: 2.8424 | MSE: 0.00059
Epoch 15 [820/1250] | Loss: 1.6672 | MSE: 0.00027
Epoch 15 [840/1250] | Loss: 1.9514 | MSE: 0.00035
Epoch 15 [860/1250] | Loss: 2.1434 | MSE: 0.00041
Epoch 15 [880/1250] | Loss: 1.3802 | MSE: 0.00018
Epoch 15 [900/1250] | Loss: 2.3697 | MSE: 0.00047
Epoch 15 [920/1250] | Loss: 3.0539 | MSE: 0.00065
Epoch 15 [940/1250] | Loss: 2.7208 | MSE: 0.00057
Epoch 15 [960/1250] | Loss: 2.5761 | MSE: 0.00052
Epoch 15 [980/1250] | Loss: 2.3917 | MSE: 0.00048
Epoch 15 [1000/1250] | Loss: 1.8627 | MSE: 0.00032
Epoch 15 [1020/1250] | Loss: 1.9530 | MSE: 0.00037
Epoch 15 [1040/1250] | Loss: 2.9532 | MSE: 0.00061
Epoch 15 [1060/1250] | Loss: 2.0822 | MSE: 0.00037
Epoch 15 [1080/1250] | Loss: 2.2727 | MSE: 0.00045
Epoch 15 [1100/1250] | Loss: 1.8178 | MSE: 0.00032
Epoch 15 [1120/1250] | Loss: 2.8118 | MSE: 0.00058
Epoch 15 [1140/1250] | Loss: 2.2877 | MSE: 0.00043
Epoch 15 [1160/1250] | Loss: 2.4231 | MSE: 0.00047
Epoch 15 [1180/1250] | Loss: 2.0464 | MSE: 0.00038
Epoch 15 [1200/1250] | Loss: 1.6949 | MSE: 0.00027
Epoch 15 [1220/1250] | Loss: 2.6433 | MSE: 0.00055
Epoch 15 [1240/1250] | Loss: 1.6503 | MSE: 0.00028
Checkpoint saved: ./checkpoints/student_epoch_15_imgs_60000.pth
