Requirement already satisfied: compressai in /home/egb11/.local/lib/python3.10/site-packages (1.2.8)
Requirement already satisfied: einops in /home/egb11/.local/lib/python3.10/site-packages (from compressai) (0.8.2)
Requirement already satisfied: matplotlib in /apps/sw/miniconda/envs/ai-4/lib/python3.10/site-packages (from compressai) (3.7.2)
Requirement already satisfied: numpy<2.0,>=1.21.0 in /apps/sw/miniconda/envs/ai-4/lib/python3.10/site-packages (from compressai) (1.24.3)
Requirement already satisfied: pandas in /apps/sw/miniconda/envs/ai-4/lib/python3.10/site-packages (from compressai) (2.0.3)
Requirement already satisfied: pybind11>=2.6.0 in /home/egb11/.local/lib/python3.10/site-packages (from compressai) (3.0.2)
Requirement already satisfied: pytorch-msssim in /home/egb11/.local/lib/python3.10/site-packages (from compressai) (1.0.0)
Requirement already satisfied: scipy in /apps/sw/miniconda/envs/ai-4/lib/python3.10/site-packages (from compressai) (1.11.1)
Requirement already satisfied: setuptools>=68 in /apps/sw/miniconda/envs/ai-4/lib/python3.10/site-packages (from compressai) (68.0.0)
Requirement already satisfied: tomli>=2.2.1 in /home/egb11/.local/lib/python3.10/site-packages (from compressai) (2.4.0)
Requirement already satisfied: torch-geometric>=2.3.0 in /home/egb11/.local/lib/python3.10/site-packages (from compressai) (2.7.0)
Requirement already satisfied: torch>=1.13.1 in /apps/sw/miniconda/envs/ai-4/lib/python3.10/site-packages (from compressai) (2.1.2)
Requirement already satisfied: torchvision in /apps/sw/miniconda/envs/ai-4/lib/python3.10/site-packages (from compressai) (0.16.2)
Requirement already satisfied: tqdm in /apps/sw/miniconda/envs/ai-4/lib/python3.10/site-packages (from compressai) (4.65.0)
Requirement already satisfied: typing-extensions>=4.0.0 in /apps/sw/miniconda/envs/ai-4/lib/python3.10/site-packages (from compressai) (4.15.0)
Requirement already satisfied: wheel>=0.32.0 in /apps/sw/miniconda/envs/ai-4/lib/python3.10/site-packages (from compressai) (0.38.4)
Requirement already satisfied: filelock in /apps/sw/miniconda/envs/ai-4/lib/python3.10/site-packages (from torch>=1.13.1->compressai) (3.9.0)
Requirement already satisfied: sympy in /apps/sw/miniconda/envs/ai-4/lib/python3.10/site-packages (from torch>=1.13.1->compressai) (1.11.1)
Requirement already satisfied: networkx in /apps/sw/miniconda/envs/ai-4/lib/python3.10/site-packages (from torch>=1.13.1->compressai) (3.1)
Requirement already satisfied: jinja2 in /apps/sw/miniconda/envs/ai-4/lib/python3.10/site-packages (from torch>=1.13.1->compressai) (3.1.2)
Requirement already satisfied: fsspec in /apps/sw/miniconda/envs/ai-4/lib/python3.10/site-packages (from torch>=1.13.1->compressai) (2025.3.0)
Requirement already satisfied: aiohttp in /apps/sw/miniconda/envs/ai-4/lib/python3.10/site-packages (from torch-geometric>=2.3.0->compressai) (3.8.5)
Requirement already satisfied: psutil>=5.8.0 in /apps/sw/miniconda/envs/ai-4/lib/python3.10/site-packages (from torch-geometric>=2.3.0->compressai) (5.9.0)
Requirement already satisfied: pyparsing in /apps/sw/miniconda/envs/ai-4/lib/python3.10/site-packages (from torch-geometric>=2.3.0->compressai) (3.0.9)
Requirement already satisfied: requests in /apps/sw/miniconda/envs/ai-4/lib/python3.10/site-packages (from torch-geometric>=2.3.0->compressai) (2.31.0)
Requirement already satisfied: xxhash in /apps/sw/miniconda/envs/ai-4/lib/python3.10/site-packages (from torch-geometric>=2.3.0->compressai) (2.0.2)
Requirement already satisfied: attrs>=17.3.0 in /apps/sw/miniconda/envs/ai-4/lib/python3.10/site-packages (from aiohttp->torch-geometric>=2.3.0->compressai) (22.1.0)
Requirement already satisfied: charset-normalizer<4.0,>=2.0 in /apps/sw/miniconda/envs/ai-4/lib/python3.10/site-packages (from aiohttp->torch-geometric>=2.3.0->compressai) (2.0.4)
Requirement already satisfied: multidict<7.0,>=4.5 in /apps/sw/miniconda/envs/ai-4/lib/python3.10/site-packages (from aiohttp->torch-geometric>=2.3.0->compressai) (6.0.2)
Requirement already satisfied: async-timeout<5.0,>=4.0.0a3 in /apps/sw/miniconda/envs/ai-4/lib/python3.10/site-packages (from aiohttp->torch-geometric>=2.3.0->compressai) (4.0.2)
Requirement already satisfied: yarl<2.0,>=1.0 in /apps/sw/miniconda/envs/ai-4/lib/python3.10/site-packages (from aiohttp->torch-geometric>=2.3.0->compressai) (1.8.1)
Requirement already satisfied: frozenlist>=1.1.1 in /apps/sw/miniconda/envs/ai-4/lib/python3.10/site-packages (from aiohttp->torch-geometric>=2.3.0->compressai) (1.3.3)
Requirement already satisfied: aiosignal>=1.1.2 in /apps/sw/miniconda/envs/ai-4/lib/python3.10/site-packages (from aiohttp->torch-geometric>=2.3.0->compressai) (1.2.0)
Requirement already satisfied: idna>=2.0 in /apps/sw/miniconda/envs/ai-4/lib/python3.10/site-packages (from yarl<2.0,>=1.0->aiohttp->torch-geometric>=2.3.0->compressai) (3.4)
Requirement already satisfied: MarkupSafe>=2.0 in /apps/sw/miniconda/envs/ai-4/lib/python3.10/site-packages (from jinja2->torch>=1.13.1->compressai) (2.1.1)
Requirement already satisfied: contourpy>=1.0.1 in /apps/sw/miniconda/envs/ai-4/lib/python3.10/site-packages (from matplotlib->compressai) (1.0.5)
Requirement already satisfied: cycler>=0.10 in /apps/sw/miniconda/envs/ai-4/lib/python3.10/site-packages (from matplotlib->compressai) (0.11.0)
Requirement already satisfied: fonttools>=4.22.0 in /apps/sw/miniconda/envs/ai-4/lib/python3.10/site-packages (from matplotlib->compressai) (4.25.0)
Requirement already satisfied: kiwisolver>=1.0.1 in /apps/sw/miniconda/envs/ai-4/lib/python3.10/site-packages (from matplotlib->compressai) (1.4.4)
Requirement already satisfied: packaging>=20.0 in /apps/sw/miniconda/envs/ai-4/lib/python3.10/site-packages (from matplotlib->compressai) (23.1)
Requirement already satisfied: pillow>=6.2.0 in /apps/sw/miniconda/envs/ai-4/lib/python3.10/site-packages (from matplotlib->compressai) (9.4.0)
Requirement already satisfied: python-dateutil>=2.7 in /apps/sw/miniconda/envs/ai-4/lib/python3.10/site-packages (from matplotlib->compressai) (2.8.2)
Requirement already satisfied: six>=1.5 in /apps/sw/miniconda/envs/ai-4/lib/python3.10/site-packages (from python-dateutil>=2.7->matplotlib->compressai) (1.16.0)
Requirement already satisfied: pytz>=2020.1 in /apps/sw/miniconda/envs/ai-4/lib/python3.10/site-packages (from pandas->compressai) (2023.3.post1)
Requirement already satisfied: tzdata>=2022.1 in /apps/sw/miniconda/envs/ai-4/lib/python3.10/site-packages (from pandas->compressai) (2023.3)
Requirement already satisfied: urllib3<3,>=1.21.1 in /apps/sw/miniconda/envs/ai-4/lib/python3.10/site-packages (from requests->torch-geometric>=2.3.0->compressai) (1.26.16)
Requirement already satisfied: certifi>=2017.4.17 in /apps/sw/miniconda/envs/ai-4/lib/python3.10/site-packages (from requests->torch-geometric>=2.3.0->compressai) (2023.11.17)
Requirement already satisfied: mpmath>=0.19 in /apps/sw/miniconda/envs/ai-4/lib/python3.10/site-packages (from sympy->torch>=1.13.1->compressai) (1.3.0)

[notice] A new release of pip is available: 25.1.1 -> 26.0.1
[notice] To update, run: pip install --upgrade pip
/apps/sw/miniconda/envs/ai-4/lib/python3.10/site-packages/torch/__config__.py:9: UserWarning: CUDA initialization: The NVIDIA driver on your system is too old (found version 11040). Please update your GPU driver by downloading and installing a new version from the URL: http://www.nvidia.com/Download/index.aspx Alternatively, go to: https://pytorch.org to install a PyTorch version that has been compiled with your version of the CUDA driver. (Triggered internally at /opt/conda/conda-bld/pytorch_1702400410390/work/c10/cuda/CUDAFunctions.cpp:108.)
  return torch._C._show_config()
Dataset initialized with 20000 images from /home/egb11/scratch/my_images
Epoch 0 [0/2500] | Loss: 170.1500 | BPP: 0.155
Epoch 0 [50/2500] | Loss: 18.9863 | BPP: 0.887
Epoch 0 [100/2500] | Loss: 13.4558 | BPP: 0.624
Epoch 0 [150/2500] | Loss: 20.7065 | BPP: 0.644
Epoch 0 [200/2500] | Loss: 8.2349 | BPP: 0.621
Epoch 0 [250/2500] | Loss: 9.4395 | BPP: 0.550
Epoch 0 [300/2500] | Loss: 7.3158 | BPP: 0.465
Epoch 0 [350/2500] | Loss: 5.9875 | BPP: 0.437
Epoch 0 [400/2500] | Loss: 6.4570 | BPP: 0.416
Epoch 0 [450/2500] | Loss: 7.1246 | BPP: 0.468
Epoch 0 [500/2500] | Loss: 6.6397 | BPP: 0.492
Epoch 0 [550/2500] | Loss: 6.3232 | BPP: 0.424
Epoch 0 [600/2500] | Loss: 7.9127 | BPP: 0.432
Epoch 0 [650/2500] | Loss: 7.8459 | BPP: 0.410
Epoch 0 [700/2500] | Loss: 5.5917 | BPP: 0.402
Epoch 0 [750/2500] | Loss: 6.4139 | BPP: 0.412
Epoch 0 [800/2500] | Loss: 5.7466 | BPP: 0.443
Epoch 0 [850/2500] | Loss: 3.8852 | BPP: 0.432
Epoch 0 [900/2500] | Loss: 5.6603 | BPP: 0.420
Epoch 0 [950/2500] | Loss: 3.7056 | BPP: 0.435
Epoch 0 [1000/2500] | Loss: 3.9969 | BPP: 0.447
Epoch 0 [1050/2500] | Loss: 4.8896 | BPP: 0.403
Epoch 0 [1100/2500] | Loss: 3.2330 | BPP: 0.404
Epoch 0 [1150/2500] | Loss: 3.3390 | BPP: 0.364
Epoch 0 [1200/2500] | Loss: 3.9114 | BPP: 0.423
Epoch 0 [1250/2500] | Loss: 3.8417 | BPP: 0.396
Epoch 0 [1300/2500] | Loss: 4.7267 | BPP: 0.447
Epoch 0 [1350/2500] | Loss: 3.6765 | BPP: 0.363
Epoch 0 [1400/2500] | Loss: 3.5658 | BPP: 0.414
Epoch 0 [1450/2500] | Loss: 2.9886 | BPP: 0.372
Epoch 0 [1500/2500] | Loss: 3.0419 | BPP: 0.381
Epoch 0 [1550/2500] | Loss: 3.7448 | BPP: 0.367
Epoch 0 [1600/2500] | Loss: 3.3839 | BPP: 0.381
Epoch 0 [1650/2500] | Loss: 2.9134 | BPP: 0.345
Epoch 0 [1700/2500] | Loss: 4.8635 | BPP: 0.367
Epoch 0 [1750/2500] | Loss: 3.3893 | BPP: 0.364
Epoch 0 [1800/2500] | Loss: 3.0175 | BPP: 0.378
Epoch 0 [1850/2500] | Loss: 3.1622 | BPP: 0.397
Epoch 0 [1900/2500] | Loss: 2.2983 | BPP: 0.290
Epoch 0 [1950/2500] | Loss: 3.7573 | BPP: 0.378
Epoch 0 [2000/2500] | Loss: 3.5041 | BPP: 0.349
Epoch 0 [2050/2500] | Loss: 2.9909 | BPP: 0.377
Epoch 0 [2100/2500] | Loss: 2.7241 | BPP: 0.359
Epoch 0 [2150/2500] | Loss: 2.5877 | BPP: 0.341
Epoch 0 [2200/2500] | Loss: 2.7662 | BPP: 0.355
Epoch 0 [2250/2500] | Loss: 2.7221 | BPP: 0.379
Epoch 0 [2300/2500] | Loss: 2.6440 | BPP: 0.349
Epoch 0 [2350/2500] | Loss: 2.6965 | BPP: 0.291
Epoch 0 [2400/2500] | Loss: 3.0056 | BPP: 0.385
Epoch 0 [2450/2500] | Loss: 2.5187 | BPP: 0.358
Checkpoint saved: ./checkpoints/student_epoch_0_imgs_20000.pth
Epoch 1 [0/2500] | Loss: 3.1765 | BPP: 0.330
Epoch 1 [50/2500] | Loss: 2.7284 | BPP: 0.318
Epoch 1 [100/2500] | Loss: 2.3234 | BPP: 0.338
Epoch 1 [150/2500] | Loss: 2.7798 | BPP: 0.337
Epoch 1 [200/2500] | Loss: 2.6800 | BPP: 0.384
Epoch 1 [250/2500] | Loss: 2.2039 | BPP: 0.320
Epoch 1 [300/2500] | Loss: 2.5312 | BPP: 0.369
Epoch 1 [350/2500] | Loss: 2.0685 | BPP: 0.305
Epoch 1 [400/2500] | Loss: 2.9007 | BPP: 0.357
Epoch 1 [450/2500] | Loss: 2.6541 | BPP: 0.361
Epoch 1 [500/2500] | Loss: 2.3329 | BPP: 0.344
Epoch 1 [550/2500] | Loss: 2.5667 | BPP: 0.335
Epoch 1 [600/2500] | Loss: 4.1923 | BPP: 0.366
Epoch 1 [650/2500] | Loss: 2.6250 | BPP: 0.350
Epoch 1 [700/2500] | Loss: 2.3438 | BPP: 0.357
Epoch 1 [750/2500] | Loss: 2.4280 | BPP: 0.360
Epoch 1 [800/2500] | Loss: 1.7827 | BPP: 0.343
Epoch 1 [850/2500] | Loss: 2.5472 | BPP: 0.358
Epoch 1 [900/2500] | Loss: 2.2816 | BPP: 0.367
Epoch 1 [950/2500] | Loss: 2.4801 | BPP: 0.356
Epoch 1 [1000/2500] | Loss: 1.9500 | BPP: 0.323
Epoch 1 [1050/2500] | Loss: 2.1893 | BPP: 0.363
Epoch 1 [1100/2500] | Loss: 2.3792 | BPP: 0.345
Epoch 1 [1150/2500] | Loss: 2.4756 | BPP: 0.339
Epoch 1 [1200/2500] | Loss: 2.3683 | BPP: 0.352
Epoch 1 [1250/2500] | Loss: 2.7650 | BPP: 0.397
Epoch 1 [1300/2500] | Loss: 2.6367 | BPP: 0.362
Epoch 1 [1350/2500] | Loss: 1.8296 | BPP: 0.299
Epoch 1 [1400/2500] | Loss: 2.1783 | BPP: 0.325
Epoch 1 [1450/2500] | Loss: 2.1828 | BPP: 0.351
Epoch 1 [1500/2500] | Loss: 4.3320 | BPP: 0.418
Epoch 1 [1550/2500] | Loss: 2.7887 | BPP: 0.366
Epoch 1 [1600/2500] | Loss: 2.0863 | BPP: 0.349
Epoch 1 [1650/2500] | Loss: 1.8922 | BPP: 0.344
Epoch 1 [1700/2500] | Loss: 2.1059 | BPP: 0.333
Epoch 1 [1750/2500] | Loss: 2.6288 | BPP: 0.385
Epoch 1 [1800/2500] | Loss: 1.5948 | BPP: 0.298
Epoch 1 [1850/2500] | Loss: 2.1571 | BPP: 0.372
Epoch 1 [1900/2500] | Loss: 2.0957 | BPP: 0.326
Epoch 1 [1950/2500] | Loss: 1.9483 | BPP: 0.317
Epoch 1 [2000/2500] | Loss: 1.8899 | BPP: 0.337
Epoch 1 [2050/2500] | Loss: 2.9821 | BPP: 0.392
Epoch 1 [2100/2500] | Loss: 2.5089 | BPP: 0.372
Epoch 1 [2150/2500] | Loss: 3.2317 | BPP: 0.372
Epoch 1 [2200/2500] | Loss: 2.2661 | BPP: 0.318
Epoch 1 [2250/2500] | Loss: 2.9608 | BPP: 0.395
Epoch 1 [2300/2500] | Loss: 1.8244 | BPP: 0.334
Epoch 1 [2350/2500] | Loss: 2.2336 | BPP: 0.368
Epoch 1 [2400/2500] | Loss: 2.4369 | BPP: 0.373
Epoch 1 [2450/2500] | Loss: 1.5675 | BPP: 0.307
Checkpoint saved: ./checkpoints/student_epoch_1_imgs_20000.pth
slurmstepd: error: *** JOB 651329 ON anode04 CANCELLED AT 2026-02-25T04:35:59 DUE TO TIME LIMIT ***
