Requirement already satisfied: compressai in /home/egb11/.local/lib/python3.10/site-packages (1.2.8)
Requirement already satisfied: einops in /home/egb11/.local/lib/python3.10/site-packages (from compressai) (0.8.2)
Requirement already satisfied: matplotlib in /apps/sw/miniconda/envs/ai-4/lib/python3.10/site-packages (from compressai) (3.7.2)
Requirement already satisfied: numpy<2.0,>=1.21.0 in /apps/sw/miniconda/envs/ai-4/lib/python3.10/site-packages (from compressai) (1.24.3)
Requirement already satisfied: pandas in /apps/sw/miniconda/envs/ai-4/lib/python3.10/site-packages (from compressai) (2.0.3)
Requirement already satisfied: pybind11>=2.6.0 in /home/egb11/.local/lib/python3.10/site-packages (from compressai) (3.0.2)
Requirement already satisfied: pytorch-msssim in /home/egb11/.local/lib/python3.10/site-packages (from compressai) (1.0.0)
Requirement already satisfied: scipy in /apps/sw/miniconda/envs/ai-4/lib/python3.10/site-packages (from compressai) (1.11.1)
Requirement already satisfied: setuptools>=68 in /apps/sw/miniconda/envs/ai-4/lib/python3.10/site-packages (from compressai) (68.0.0)
Requirement already satisfied: tomli>=2.2.1 in /home/egb11/.local/lib/python3.10/site-packages (from compressai) (2.4.0)
Requirement already satisfied: torch-geometric>=2.3.0 in /home/egb11/.local/lib/python3.10/site-packages (from compressai) (2.7.0)
Requirement already satisfied: torch>=1.13.1 in /apps/sw/miniconda/envs/ai-4/lib/python3.10/site-packages (from compressai) (2.1.2)
Requirement already satisfied: torchvision in /apps/sw/miniconda/envs/ai-4/lib/python3.10/site-packages (from compressai) (0.16.2)
Requirement already satisfied: tqdm in /apps/sw/miniconda/envs/ai-4/lib/python3.10/site-packages (from compressai) (4.65.0)
Requirement already satisfied: typing-extensions>=4.0.0 in /apps/sw/miniconda/envs/ai-4/lib/python3.10/site-packages (from compressai) (4.15.0)
Requirement already satisfied: wheel>=0.32.0 in /apps/sw/miniconda/envs/ai-4/lib/python3.10/site-packages (from compressai) (0.38.4)
Requirement already satisfied: filelock in /apps/sw/miniconda/envs/ai-4/lib/python3.10/site-packages (from torch>=1.13.1->compressai) (3.9.0)
Requirement already satisfied: sympy in /apps/sw/miniconda/envs/ai-4/lib/python3.10/site-packages (from torch>=1.13.1->compressai) (1.11.1)
Requirement already satisfied: networkx in /apps/sw/miniconda/envs/ai-4/lib/python3.10/site-packages (from torch>=1.13.1->compressai) (3.1)
Requirement already satisfied: jinja2 in /apps/sw/miniconda/envs/ai-4/lib/python3.10/site-packages (from torch>=1.13.1->compressai) (3.1.2)
Requirement already satisfied: fsspec in /apps/sw/miniconda/envs/ai-4/lib/python3.10/site-packages (from torch>=1.13.1->compressai) (2025.3.0)
Requirement already satisfied: aiohttp in /apps/sw/miniconda/envs/ai-4/lib/python3.10/site-packages (from torch-geometric>=2.3.0->compressai) (3.8.5)
Requirement already satisfied: psutil>=5.8.0 in /apps/sw/miniconda/envs/ai-4/lib/python3.10/site-packages (from torch-geometric>=2.3.0->compressai) (5.9.0)
Requirement already satisfied: pyparsing in /apps/sw/miniconda/envs/ai-4/lib/python3.10/site-packages (from torch-geometric>=2.3.0->compressai) (3.0.9)
Requirement already satisfied: requests in /apps/sw/miniconda/envs/ai-4/lib/python3.10/site-packages (from torch-geometric>=2.3.0->compressai) (2.31.0)
Requirement already satisfied: xxhash in /apps/sw/miniconda/envs/ai-4/lib/python3.10/site-packages (from torch-geometric>=2.3.0->compressai) (2.0.2)
Requirement already satisfied: attrs>=17.3.0 in /apps/sw/miniconda/envs/ai-4/lib/python3.10/site-packages (from aiohttp->torch-geometric>=2.3.0->compressai) (22.1.0)
Requirement already satisfied: charset-normalizer<4.0,>=2.0 in /apps/sw/miniconda/envs/ai-4/lib/python3.10/site-packages (from aiohttp->torch-geometric>=2.3.0->compressai) (2.0.4)
Requirement already satisfied: multidict<7.0,>=4.5 in /apps/sw/miniconda/envs/ai-4/lib/python3.10/site-packages (from aiohttp->torch-geometric>=2.3.0->compressai) (6.0.2)
Requirement already satisfied: async-timeout<5.0,>=4.0.0a3 in /apps/sw/miniconda/envs/ai-4/lib/python3.10/site-packages (from aiohttp->torch-geometric>=2.3.0->compressai) (4.0.2)
Requirement already satisfied: yarl<2.0,>=1.0 in /apps/sw/miniconda/envs/ai-4/lib/python3.10/site-packages (from aiohttp->torch-geometric>=2.3.0->compressai) (1.8.1)
Requirement already satisfied: frozenlist>=1.1.1 in /apps/sw/miniconda/envs/ai-4/lib/python3.10/site-packages (from aiohttp->torch-geometric>=2.3.0->compressai) (1.3.3)
Requirement already satisfied: aiosignal>=1.1.2 in /apps/sw/miniconda/envs/ai-4/lib/python3.10/site-packages (from aiohttp->torch-geometric>=2.3.0->compressai) (1.2.0)
Requirement already satisfied: idna>=2.0 in /apps/sw/miniconda/envs/ai-4/lib/python3.10/site-packages (from yarl<2.0,>=1.0->aiohttp->torch-geometric>=2.3.0->compressai) (3.4)
Requirement already satisfied: MarkupSafe>=2.0 in /apps/sw/miniconda/envs/ai-4/lib/python3.10/site-packages (from jinja2->torch>=1.13.1->compressai) (2.1.1)
Requirement already satisfied: contourpy>=1.0.1 in /apps/sw/miniconda/envs/ai-4/lib/python3.10/site-packages (from matplotlib->compressai) (1.0.5)
Requirement already satisfied: cycler>=0.10 in /apps/sw/miniconda/envs/ai-4/lib/python3.10/site-packages (from matplotlib->compressai) (0.11.0)
Requirement already satisfied: fonttools>=4.22.0 in /apps/sw/miniconda/envs/ai-4/lib/python3.10/site-packages (from matplotlib->compressai) (4.25.0)
Requirement already satisfied: kiwisolver>=1.0.1 in /apps/sw/miniconda/envs/ai-4/lib/python3.10/site-packages (from matplotlib->compressai) (1.4.4)
Requirement already satisfied: packaging>=20.0 in /apps/sw/miniconda/envs/ai-4/lib/python3.10/site-packages (from matplotlib->compressai) (23.1)
Requirement already satisfied: pillow>=6.2.0 in /apps/sw/miniconda/envs/ai-4/lib/python3.10/site-packages (from matplotlib->compressai) (9.4.0)
Requirement already satisfied: python-dateutil>=2.7 in /apps/sw/miniconda/envs/ai-4/lib/python3.10/site-packages (from matplotlib->compressai) (2.8.2)
Requirement already satisfied: six>=1.5 in /apps/sw/miniconda/envs/ai-4/lib/python3.10/site-packages (from python-dateutil>=2.7->matplotlib->compressai) (1.16.0)
Requirement already satisfied: pytz>=2020.1 in /apps/sw/miniconda/envs/ai-4/lib/python3.10/site-packages (from pandas->compressai) (2023.3.post1)
Requirement already satisfied: tzdata>=2022.1 in /apps/sw/miniconda/envs/ai-4/lib/python3.10/site-packages (from pandas->compressai) (2023.3)
Requirement already satisfied: urllib3<3,>=1.21.1 in /apps/sw/miniconda/envs/ai-4/lib/python3.10/site-packages (from requests->torch-geometric>=2.3.0->compressai) (1.26.16)
Requirement already satisfied: certifi>=2017.4.17 in /apps/sw/miniconda/envs/ai-4/lib/python3.10/site-packages (from requests->torch-geometric>=2.3.0->compressai) (2023.11.17)
Requirement already satisfied: mpmath>=0.19 in /apps/sw/miniconda/envs/ai-4/lib/python3.10/site-packages (from sympy->torch>=1.13.1->compressai) (1.3.0)

[notice] A new release of pip is available: 25.1.1 -> 26.0.1
[notice] To update, run: pip install --upgrade pip
Dataset: Loaded 10000 images (Starting from index 60000)
Distillation: Student(96ch) -> Teacher(320ch)
Resuming training from: ./checkpoints/student_epoch_15_imgs_60000.pth
cuda

--- Starting Epoch 16 (Focus: Image Quality) ---
Epoch 16 [0/1250] | Loss: 12.4881 | MSE: 0.00094
Epoch 16 [20/1250] | Loss: 12.4529 | MSE: 0.00108
Epoch 16 [40/1250] | Loss: 8.3422 | MSE: 0.00040
Epoch 16 [60/1250] | Loss: 9.2420 | MSE: 0.00042
Epoch 16 [80/1250] | Loss: 9.9113 | MSE: 0.00069
Epoch 16 [100/1250] | Loss: 4.8399 | MSE: 0.00031
Epoch 16 [120/1250] | Loss: 8.4764 | MSE: 0.00066
Epoch 16 [140/1250] | Loss: 8.2028 | MSE: 0.00044
Epoch 16 [160/1250] | Loss: 7.6733 | MSE: 0.00032
Epoch 16 [180/1250] | Loss: 5.1703 | MSE: 0.00039
Epoch 16 [200/1250] | Loss: 6.8031 | MSE: 0.00050
Epoch 16 [220/1250] | Loss: 7.9162 | MSE: 0.00082
Epoch 16 [240/1250] | Loss: 8.5895 | MSE: 0.00074
Epoch 16 [260/1250] | Loss: 8.7136 | MSE: 0.00080
Epoch 16 [280/1250] | Loss: 4.7682 | MSE: 0.00023
Epoch 16 [300/1250] | Loss: 5.4951 | MSE: 0.00044
Epoch 16 [320/1250] | Loss: 5.1920 | MSE: 0.00043
Epoch 16 [340/1250] | Loss: 3.9981 | MSE: 0.00030
Epoch 16 [360/1250] | Loss: 5.3395 | MSE: 0.00051
Epoch 16 [380/1250] | Loss: 5.1307 | MSE: 0.00042
Epoch 16 [400/1250] | Loss: 4.2773 | MSE: 0.00034
Epoch 16 [420/1250] | Loss: 3.8135 | MSE: 0.00030
Epoch 16 [440/1250] | Loss: 8.5635 | MSE: 0.00109
Epoch 16 [460/1250] | Loss: 4.5021 | MSE: 0.00042
Epoch 16 [480/1250] | Loss: 5.2363 | MSE: 0.00048
Epoch 16 [500/1250] | Loss: 3.5418 | MSE: 0.00027
Epoch 16 [520/1250] | Loss: 5.2689 | MSE: 0.00053
Epoch 16 [540/1250] | Loss: 3.9301 | MSE: 0.00034
Epoch 16 [560/1250] | Loss: 3.8478 | MSE: 0.00033
Epoch 16 [580/1250] | Loss: 3.8047 | MSE: 0.00032
Epoch 16 [600/1250] | Loss: 3.4325 | MSE: 0.00026
Epoch 16 [620/1250] | Loss: 3.2894 | MSE: 0.00026
Epoch 16 [640/1250] | Loss: 4.1733 | MSE: 0.00041
Epoch 16 [660/1250] | Loss: 6.2883 | MSE: 0.00072
Epoch 16 [680/1250] | Loss: 3.8809 | MSE: 0.00036
Epoch 16 [700/1250] | Loss: 3.6924 | MSE: 0.00033
Epoch 16 [720/1250] | Loss: 3.6917 | MSE: 0.00032
Epoch 16 [740/1250] | Loss: 3.3890 | MSE: 0.00026
Epoch 16 [760/1250] | Loss: 6.0475 | MSE: 0.00071
Epoch 16 [780/1250] | Loss: 4.6449 | MSE: 0.00051
Epoch 16 [800/1250] | Loss: 10.4902 | MSE: 0.00132
Epoch 16 [820/1250] | Loss: 6.7417 | MSE: 0.00067
Epoch 16 [840/1250] | Loss: 4.5793 | MSE: 0.00035
Epoch 16 [860/1250] | Loss: 4.7898 | MSE: 0.00034
Epoch 16 [880/1250] | Loss: 4.0288 | MSE: 0.00032
Epoch 16 [900/1250] | Loss: 5.0442 | MSE: 0.00045
Epoch 16 [920/1250] | Loss: 4.0769 | MSE: 0.00022
Epoch 16 [940/1250] | Loss: 3.7376 | MSE: 0.00030
Epoch 16 [960/1250] | Loss: 5.2711 | MSE: 0.00052
Epoch 16 [980/1250] | Loss: 4.3774 | MSE: 0.00044
Epoch 16 [1000/1250] | Loss: 3.0873 | MSE: 0.00024
Epoch 16 [1020/1250] | Loss: 3.3495 | MSE: 0.00030
Epoch 16 [1040/1250] | Loss: 2.8517 | MSE: 0.00022
Epoch 16 [1060/1250] | Loss: 4.0358 | MSE: 0.00042
Epoch 16 [1080/1250] | Loss: 2.5447 | MSE: 0.00019
Epoch 16 [1100/1250] | Loss: 2.7082 | MSE: 0.00023
Epoch 16 [1120/1250] | Loss: 3.2568 | MSE: 0.00028
Epoch 16 [1140/1250] | Loss: 4.4763 | MSE: 0.00051
Epoch 16 [1160/1250] | Loss: 7.6586 | MSE: 0.00098
Epoch 16 [1180/1250] | Loss: 3.2471 | MSE: 0.00028
Epoch 16 [1200/1250] | Loss: 2.8354 | MSE: 0.00024
Epoch 16 [1220/1250] | Loss: 5.9317 | MSE: 0.00074
Epoch 16 [1240/1250] | Loss: 3.4217 | MSE: 0.00034
Checkpoint saved: ./checkpoints/student_epoch_16_imgs_60000.pth

--- Starting Epoch 17 (Focus: Image Quality) ---
Epoch 17 [0/1250] | Loss: 2.5353 | MSE: 0.00019
Epoch 17 [20/1250] | Loss: 4.4585 | MSE: 0.00051
Epoch 17 [40/1250] | Loss: 2.9478 | MSE: 0.00024
Epoch 17 [60/1250] | Loss: 5.0124 | MSE: 0.00060
Epoch 17 [80/1250] | Loss: 4.7442 | MSE: 0.00053
Epoch 17 [100/1250] | Loss: 4.0011 | MSE: 0.00045
Epoch 17 [120/1250] | Loss: 5.4564 | MSE: 0.00068
Epoch 17 [140/1250] | Loss: 3.6123 | MSE: 0.00034
Epoch 17 [160/1250] | Loss: 2.3244 | MSE: 0.00017
Epoch 17 [180/1250] | Loss: 3.3612 | MSE: 0.00034
Epoch 17 [200/1250] | Loss: 3.0560 | MSE: 0.00030
Epoch 17 [220/1250] | Loss: 3.0648 | MSE: 0.00028
Epoch 17 [240/1250] | Loss: 3.0580 | MSE: 0.00028
Epoch 17 [260/1250] | Loss: 3.5370 | MSE: 0.00036
Epoch 17 [280/1250] | Loss: 3.3398 | MSE: 0.00033
Epoch 17 [300/1250] | Loss: 7.1532 | MSE: 0.00094
Epoch 17 [320/1250] | Loss: 2.9311 | MSE: 0.00027
Epoch 17 [340/1250] | Loss: 3.1035 | MSE: 0.00029
Epoch 17 [360/1250] | Loss: 2.5647 | MSE: 0.00021
Epoch 17 [380/1250] | Loss: 3.4905 | MSE: 0.00036
Epoch 17 [400/1250] | Loss: 3.4377 | MSE: 0.00036
Epoch 17 [420/1250] | Loss: 9.4618 | MSE: 0.00136
Epoch 17 [440/1250] | Loss: 2.7748 | MSE: 0.00026
Epoch 17 [460/1250] | Loss: 4.5290 | MSE: 0.00052
Epoch 17 [480/1250] | Loss: 3.4398 | MSE: 0.00035
Epoch 17 [500/1250] | Loss: 3.5988 | MSE: 0.00036
Epoch 17 [520/1250] | Loss: 3.0709 | MSE: 0.00031
Epoch 17 [540/1250] | Loss: 3.3488 | MSE: 0.00036
Epoch 17 [560/1250] | Loss: 2.9632 | MSE: 0.00027
Epoch 17 [580/1250] | Loss: 2.7180 | MSE: 0.00024
Epoch 17 [600/1250] | Loss: 4.3035 | MSE: 0.00049
Epoch 17 [620/1250] | Loss: 2.7526 | MSE: 0.00025
Epoch 17 [640/1250] | Loss: 3.1295 | MSE: 0.00030
Epoch 17 [660/1250] | Loss: 2.9759 | MSE: 0.00030
Epoch 17 [680/1250] | Loss: 3.6413 | MSE: 0.00040
Epoch 17 [700/1250] | Loss: 2.6664 | MSE: 0.00024
Epoch 17 [720/1250] | Loss: 4.6608 | MSE: 0.00055
Epoch 17 [740/1250] | Loss: 2.8453 | MSE: 0.00026
Epoch 17 [760/1250] | Loss: 2.8290 | MSE: 0.00026
Epoch 17 [780/1250] | Loss: 4.3808 | MSE: 0.00053
Epoch 17 [800/1250] | Loss: 4.6386 | MSE: 0.00057
Epoch 17 [820/1250] | Loss: 3.0987 | MSE: 0.00034
Epoch 17 [840/1250] | Loss: 3.3036 | MSE: 0.00035
Epoch 17 [860/1250] | Loss: 3.0346 | MSE: 0.00029
Epoch 17 [880/1250] | Loss: 4.5554 | MSE: 0.00055
Epoch 17 [900/1250] | Loss: 2.6454 | MSE: 0.00024
Epoch 17 [920/1250] | Loss: 4.4388 | MSE: 0.00053
Epoch 17 [940/1250] | Loss: 3.3560 | MSE: 0.00036
Epoch 17 [960/1250] | Loss: 4.0854 | MSE: 0.00047
Epoch 17 [980/1250] | Loss: 3.5723 | MSE: 0.00040
Epoch 17 [1000/1250] | Loss: 2.4434 | MSE: 0.00022
Epoch 17 [1020/1250] | Loss: 3.0496 | MSE: 0.00031
Epoch 17 [1040/1250] | Loss: 2.5499 | MSE: 0.00021
Epoch 17 [1060/1250] | Loss: 3.2423 | MSE: 0.00035
Epoch 17 [1080/1250] | Loss: 3.9498 | MSE: 0.00044
Epoch 17 [1100/1250] | Loss: 3.4210 | MSE: 0.00038
Epoch 17 [1120/1250] | Loss: 3.9286 | MSE: 0.00045
Epoch 17 [1140/1250] | Loss: 2.5922 | MSE: 0.00024
Epoch 17 [1160/1250] | Loss: 3.0106 | MSE: 0.00032
Epoch 17 [1180/1250] | Loss: 3.6002 | MSE: 0.00040
Epoch 17 [1200/1250] | Loss: 3.7235 | MSE: 0.00041
Epoch 17 [1220/1250] | Loss: 2.9487 | MSE: 0.00030
Epoch 17 [1240/1250] | Loss: 2.9585 | MSE: 0.00030
Checkpoint saved: ./checkpoints/student_epoch_17_imgs_60000.pth

--- Starting Epoch 18 (Focus: Image Quality) ---
Epoch 18 [0/1250] | Loss: 3.7575 | MSE: 0.00042
Epoch 18 [20/1250] | Loss: 2.6037 | MSE: 0.00024
Epoch 18 [40/1250] | Loss: 2.9638 | MSE: 0.00030
Epoch 18 [60/1250] | Loss: 3.9868 | MSE: 0.00047
Epoch 18 [80/1250] | Loss: 3.4494 | MSE: 0.00037
Epoch 18 [100/1250] | Loss: 2.5385 | MSE: 0.00023
Epoch 18 [120/1250] | Loss: 3.7949 | MSE: 0.00044
Epoch 18 [140/1250] | Loss: 4.1124 | MSE: 0.00049
Epoch 18 [160/1250] | Loss: 2.6996 | MSE: 0.00026
Epoch 18 [180/1250] | Loss: 2.2768 | MSE: 0.00019
Epoch 18 [200/1250] | Loss: 2.3834 | MSE: 0.00021
Epoch 18 [220/1250] | Loss: 2.8067 | MSE: 0.00028
Epoch 18 [240/1250] | Loss: 3.2201 | MSE: 0.00035
Epoch 18 [260/1250] | Loss: 3.3192 | MSE: 0.00036
Epoch 18 [280/1250] | Loss: 2.8345 | MSE: 0.00029
Epoch 18 [300/1250] | Loss: 3.4761 | MSE: 0.00039
Epoch 18 [320/1250] | Loss: 2.9919 | MSE: 0.00031
Epoch 18 [340/1250] | Loss: 2.8647 | MSE: 0.00030
Epoch 18 [360/1250] | Loss: 3.5588 | MSE: 0.00039
Epoch 18 [380/1250] | Loss: 2.7002 | MSE: 0.00026
Epoch 18 [400/1250] | Loss: 2.9098 | MSE: 0.00029
Epoch 18 [420/1250] | Loss: 4.5248 | MSE: 0.00056
Epoch 18 [440/1250] | Loss: 3.0107 | MSE: 0.00031
Epoch 18 [460/1250] | Loss: 5.0474 | MSE: 0.00064
Epoch 18 [480/1250] | Loss: 5.4421 | MSE: 0.00072
Epoch 18 [500/1250] | Loss: 3.4810 | MSE: 0.00041
Epoch 18 [520/1250] | Loss: 4.0867 | MSE: 0.00049
Epoch 18 [540/1250] | Loss: 2.8868 | MSE: 0.00030
Epoch 18 [560/1250] | Loss: 4.9580 | MSE: 0.00063
Epoch 18 [580/1250] | Loss: 2.9376 | MSE: 0.00031
Epoch 18 [600/1250] | Loss: 2.5872 | MSE: 0.00026
Epoch 18 [620/1250] | Loss: 3.8802 | MSE: 0.00047
Epoch 18 [640/1250] | Loss: 4.1291 | MSE: 0.00049
Epoch 18 [660/1250] | Loss: 3.2657 | MSE: 0.00036
Epoch 18 [680/1250] | Loss: 2.5710 | MSE: 0.00025
Epoch 18 [700/1250] | Loss: 3.4187 | MSE: 0.00038
Epoch 18 [720/1250] | Loss: 5.5540 | MSE: 0.00073
Epoch 18 [740/1250] | Loss: 4.6321 | MSE: 0.00058
Epoch 18 [760/1250] | Loss: 2.8408 | MSE: 0.00029
Epoch 18 [780/1250] | Loss: 3.1832 | MSE: 0.00033
Epoch 18 [800/1250] | Loss: 2.9285 | MSE: 0.00030
Epoch 18 [820/1250] | Loss: 2.7759 | MSE: 0.00028
Epoch 18 [840/1250] | Loss: 3.0417 | MSE: 0.00032
Epoch 18 [860/1250] | Loss: 3.6330 | MSE: 0.00041
Epoch 18 [880/1250] | Loss: 3.4713 | MSE: 0.00038
Epoch 18 [900/1250] | Loss: 2.1600 | MSE: 0.00019
Epoch 18 [920/1250] | Loss: 3.5715 | MSE: 0.00041
Epoch 18 [940/1250] | Loss: 4.3468 | MSE: 0.00054
Epoch 18 [960/1250] | Loss: 3.3427 | MSE: 0.00037
Epoch 18 [980/1250] | Loss: 2.9452 | MSE: 0.00031
Epoch 18 [1000/1250] | Loss: 3.0817 | MSE: 0.00033
Epoch 18 [1020/1250] | Loss: 3.0120 | MSE: 0.00032
Epoch 18 [1040/1250] | Loss: 3.0791 | MSE: 0.00034
Epoch 18 [1060/1250] | Loss: 4.4274 | MSE: 0.00055
Epoch 18 [1080/1250] | Loss: 4.4171 | MSE: 0.00055
Epoch 18 [1100/1250] | Loss: 6.6845 | MSE: 0.00094
Epoch 18 [1120/1250] | Loss: 6.4713 | MSE: 0.00091
Epoch 18 [1140/1250] | Loss: 4.1955 | MSE: 0.00051
Epoch 18 [1160/1250] | Loss: 4.6930 | MSE: 0.00061
Epoch 18 [1180/1250] | Loss: 3.1224 | MSE: 0.00034
Epoch 18 [1200/1250] | Loss: 2.7032 | MSE: 0.00026
Epoch 18 [1220/1250] | Loss: 7.0241 | MSE: 0.00099
Epoch 18 [1240/1250] | Loss: 2.3485 | MSE: 0.00022
Checkpoint saved: ./checkpoints/student_epoch_18_imgs_60000.pth

--- Starting Epoch 19 (Focus: Image Quality) ---
Epoch 19 [0/1250] | Loss: 3.6545 | MSE: 0.00043
Epoch 19 [20/1250] | Loss: 3.9200 | MSE: 0.00047
Epoch 19 [40/1250] | Loss: 3.3077 | MSE: 0.00038
Epoch 19 [60/1250] | Loss: 2.9329 | MSE: 0.00031
Epoch 19 [80/1250] | Loss: 3.7900 | MSE: 0.00045
Epoch 19 [100/1250] | Loss: 3.1272 | MSE: 0.00035
Epoch 19 [120/1250] | Loss: 2.2769 | MSE: 0.00020
Epoch 19 [140/1250] | Loss: 2.7967 | MSE: 0.00029
Epoch 19 [160/1250] | Loss: 2.8355 | MSE: 0.00028
Epoch 19 [180/1250] | Loss: 3.7450 | MSE: 0.00044
Epoch 19 [200/1250] | Loss: 2.6560 | MSE: 0.00029
Epoch 19 [220/1250] | Loss: 2.2730 | MSE: 0.00021
Epoch 19 [240/1250] | Loss: 2.6084 | MSE: 0.00026
Epoch 19 [260/1250] | Loss: 2.6877 | MSE: 0.00028
Epoch 19 [280/1250] | Loss: 1.9589 | MSE: 0.00016
Epoch 19 [300/1250] | Loss: 3.2548 | MSE: 0.00037
Epoch 19 [320/1250] | Loss: 2.7632 | MSE: 0.00029
Epoch 19 [340/1250] | Loss: 2.5354 | MSE: 0.00027
Epoch 19 [360/1250] | Loss: 3.1976 | MSE: 0.00035
Epoch 19 [380/1250] | Loss: 4.3006 | MSE: 0.00054
Epoch 19 [400/1250] | Loss: 2.1494 | MSE: 0.00020
Epoch 19 [420/1250] | Loss: 4.7387 | MSE: 0.00060
Epoch 19 [440/1250] | Loss: 2.2602 | MSE: 0.00021
Epoch 19 [460/1250] | Loss: 2.7102 | MSE: 0.00028
Epoch 19 [480/1250] | Loss: 3.9943 | MSE: 0.00050
Epoch 19 [500/1250] | Loss: 3.8240 | MSE: 0.00046
Epoch 19 [520/1250] | Loss: 4.1105 | MSE: 0.00051
Epoch 19 [540/1250] | Loss: 2.0711 | MSE: 0.00019
Epoch 19 [560/1250] | Loss: 2.5817 | MSE: 0.00027
Epoch 19 [580/1250] | Loss: 2.1195 | MSE: 0.00018
Epoch 19 [600/1250] | Loss: 3.3737 | MSE: 0.00040
Epoch 19 [620/1250] | Loss: 2.7861 | MSE: 0.00031
Epoch 19 [640/1250] | Loss: 4.4926 | MSE: 0.00058
Epoch 19 [660/1250] | Loss: 3.7907 | MSE: 0.00046
Epoch 19 [680/1250] | Loss: 3.9786 | MSE: 0.00048
Epoch 19 [700/1250] | Loss: 2.8669 | MSE: 0.00030
Epoch 19 [720/1250] | Loss: 4.6695 | MSE: 0.00060
Epoch 19 [740/1250] | Loss: 2.9603 | MSE: 0.00032
Epoch 19 [760/1250] | Loss: 2.4072 | MSE: 0.00025
Epoch 19 [780/1250] | Loss: 3.8553 | MSE: 0.00048
Epoch 19 [800/1250] | Loss: 3.0098 | MSE: 0.00034
Epoch 19 [820/1250] | Loss: 2.9018 | MSE: 0.00031
Epoch 19 [840/1250] | Loss: 3.2130 | MSE: 0.00038
Epoch 19 [860/1250] | Loss: 2.7435 | MSE: 0.00029
Epoch 19 [880/1250] | Loss: 2.4715 | MSE: 0.00025
Epoch 19 [900/1250] | Loss: 2.2486 | MSE: 0.00021
Epoch 19 [920/1250] | Loss: 3.5434 | MSE: 0.00042
Epoch 19 [940/1250] | Loss: 2.5375 | MSE: 0.00026
Epoch 19 [960/1250] | Loss: 2.1811 | MSE: 0.00021
Epoch 19 [980/1250] | Loss: 2.6980 | MSE: 0.00027
Epoch 19 [1000/1250] | Loss: 3.2916 | MSE: 0.00037
Epoch 19 [1020/1250] | Loss: 3.0468 | MSE: 0.00035
Epoch 19 [1040/1250] | Loss: 2.4980 | MSE: 0.00025
Epoch 19 [1060/1250] | Loss: 3.3343 | MSE: 0.00041
Epoch 19 [1080/1250] | Loss: 7.4761 | MSE: 0.00109
Epoch 19 [1100/1250] | Loss: 5.5927 | MSE: 0.00076
Epoch 19 [1120/1250] | Loss: 4.2703 | MSE: 0.00052
Epoch 19 [1140/1250] | Loss: 3.8170 | MSE: 0.00048
Epoch 19 [1160/1250] | Loss: 3.7846 | MSE: 0.00045
Epoch 19 [1180/1250] | Loss: 4.1125 | MSE: 0.00052
Epoch 19 [1200/1250] | Loss: 2.4015 | MSE: 0.00024
Epoch 19 [1220/1250] | Loss: 2.4485 | MSE: 0.00025
Epoch 19 [1240/1250] | Loss: 2.8648 | MSE: 0.00031
Checkpoint saved: ./checkpoints/student_epoch_19_imgs_60000.pth

--- Starting Epoch 20 (Focus: Image Quality) ---
Epoch 20 [0/1250] | Loss: 2.6501 | MSE: 0.00028
Epoch 20 [20/1250] | Loss: 4.4798 | MSE: 0.00057
Epoch 20 [40/1250] | Loss: 3.0519 | MSE: 0.00033
Epoch 20 [60/1250] | Loss: 1.7647 | MSE: 0.00013
Epoch 20 [80/1250] | Loss: 2.3949 | MSE: 0.00023
Epoch 20 [100/1250] | Loss: 3.5001 | MSE: 0.00043
Epoch 20 [120/1250] | Loss: 2.5227 | MSE: 0.00026
Epoch 20 [140/1250] | Loss: 2.5573 | MSE: 0.00027
Epoch 20 [160/1250] | Loss: 2.1861 | MSE: 0.00020
Epoch 20 [180/1250] | Loss: 2.5385 | MSE: 0.00027
Epoch 20 [200/1250] | Loss: 2.3283 | MSE: 0.00023
Epoch 20 [220/1250] | Loss: 3.9282 | MSE: 0.00048
Epoch 20 [240/1250] | Loss: 2.9448 | MSE: 0.00033
Epoch 20 [260/1250] | Loss: 2.1939 | MSE: 0.00022
Epoch 20 [280/1250] | Loss: 4.8256 | MSE: 0.00064
Epoch 20 [300/1250] | Loss: 2.6596 | MSE: 0.00028
Epoch 20 [320/1250] | Loss: 3.1305 | MSE: 0.00037
Epoch 20 [340/1250] | Loss: 1.9922 | MSE: 0.00018
Epoch 20 [360/1250] | Loss: 2.6551 | MSE: 0.00028
Epoch 20 [380/1250] | Loss: 2.1391 | MSE: 0.00020
Epoch 20 [400/1250] | Loss: 4.7996 | MSE: 0.00066
Epoch 20 [420/1250] | Loss: 2.7182 | MSE: 0.00029
Epoch 20 [440/1250] | Loss: 2.8422 | MSE: 0.00031
Epoch 20 [460/1250] | Loss: 4.0191 | MSE: 0.00050
Epoch 20 [480/1250] | Loss: 2.8032 | MSE: 0.00032
Epoch 20 [500/1250] | Loss: 2.5201 | MSE: 0.00026
Epoch 20 [520/1250] | Loss: 6.9118 | MSE: 0.00097
Epoch 20 [540/1250] | Loss: 2.0516 | MSE: 0.00019
Epoch 20 [560/1250] | Loss: 3.0803 | MSE: 0.00037
Epoch 20 [580/1250] | Loss: 3.9696 | MSE: 0.00050
Epoch 20 [600/1250] | Loss: 3.4638 | MSE: 0.00042
Epoch 20 [620/1250] | Loss: 3.3866 | MSE: 0.00041
Epoch 20 [640/1250] | Loss: 2.3758 | MSE: 0.00025
Epoch 20 [660/1250] | Loss: 4.1609 | MSE: 0.00052
Epoch 20 [680/1250] | Loss: 4.4922 | MSE: 0.00058
Epoch 20 [700/1250] | Loss: 2.6080 | MSE: 0.00028
Epoch 20 [720/1250] | Loss: 3.0163 | MSE: 0.00035
Epoch 20 [740/1250] | Loss: 1.9062 | MSE: 0.00017
Epoch 20 [760/1250] | Loss: 2.8572 | MSE: 0.00032
Epoch 20 [780/1250] | Loss: 2.4624 | MSE: 0.00026
Epoch 20 [800/1250] | Loss: 3.4639 | MSE: 0.00042
Epoch 20 [820/1250] | Loss: 2.4189 | MSE: 0.00025
Epoch 20 [840/1250] | Loss: 2.9491 | MSE: 0.00034
Epoch 20 [860/1250] | Loss: 2.2450 | MSE: 0.00022
Epoch 20 [880/1250] | Loss: 3.0952 | MSE: 0.00036
Epoch 20 [900/1250] | Loss: 2.1068 | MSE: 0.00021
Epoch 20 [920/1250] | Loss: 2.2241 | MSE: 0.00021
Epoch 20 [940/1250] | Loss: 3.3767 | MSE: 0.00040
Epoch 20 [960/1250] | Loss: 2.4536 | MSE: 0.00025
Epoch 20 [980/1250] | Loss: 2.6220 | MSE: 0.00029
Epoch 20 [1000/1250] | Loss: 4.7825 | MSE: 0.00064
Epoch 20 [1020/1250] | Loss: 1.9681 | MSE: 0.00017
Epoch 20 [1040/1250] | Loss: 3.3745 | MSE: 0.00041
Epoch 20 [1060/1250] | Loss: 2.1322 | MSE: 0.00021
Epoch 20 [1080/1250] | Loss: 4.4715 | MSE: 0.00058
Epoch 20 [1100/1250] | Loss: 9.5196 | MSE: 0.00143
Epoch 20 [1120/1250] | Loss: 5.0735 | MSE: 0.00068
Epoch 20 [1140/1250] | Loss: 3.0401 | MSE: 0.00035
Epoch 20 [1160/1250] | Loss: 4.9158 | MSE: 0.00066
Epoch 20 [1180/1250] | Loss: 2.7121 | MSE: 0.00031
Epoch 20 [1200/1250] | Loss: 3.2402 | MSE: 0.00037
Epoch 20 [1220/1250] | Loss: 3.3600 | MSE: 0.00040
Epoch 20 [1240/1250] | Loss: 2.3169 | MSE: 0.00025
Checkpoint saved: ./checkpoints/student_epoch_20_imgs_60000.pth
