Requirement already satisfied: compressai in /home/egb11/.local/lib/python3.10/site-packages (1.2.8)
Requirement already satisfied: einops in /home/egb11/.local/lib/python3.10/site-packages (from compressai) (0.8.2)
Requirement already satisfied: matplotlib in /apps/sw/miniconda/envs/ai-4/lib/python3.10/site-packages (from compressai) (3.7.2)
Requirement already satisfied: numpy<2.0,>=1.21.0 in /apps/sw/miniconda/envs/ai-4/lib/python3.10/site-packages (from compressai) (1.24.3)
Requirement already satisfied: pandas in /apps/sw/miniconda/envs/ai-4/lib/python3.10/site-packages (from compressai) (2.0.3)
Requirement already satisfied: pybind11>=2.6.0 in /home/egb11/.local/lib/python3.10/site-packages (from compressai) (3.0.2)
Requirement already satisfied: pytorch-msssim in /home/egb11/.local/lib/python3.10/site-packages (from compressai) (1.0.0)
Requirement already satisfied: scipy in /apps/sw/miniconda/envs/ai-4/lib/python3.10/site-packages (from compressai) (1.11.1)
Requirement already satisfied: setuptools>=68 in /apps/sw/miniconda/envs/ai-4/lib/python3.10/site-packages (from compressai) (68.0.0)
Requirement already satisfied: tomli>=2.2.1 in /home/egb11/.local/lib/python3.10/site-packages (from compressai) (2.4.0)
Requirement already satisfied: torch-geometric>=2.3.0 in /home/egb11/.local/lib/python3.10/site-packages (from compressai) (2.7.0)
Requirement already satisfied: torch>=1.13.1 in /apps/sw/miniconda/envs/ai-4/lib/python3.10/site-packages (from compressai) (2.1.2)
Requirement already satisfied: torchvision in /apps/sw/miniconda/envs/ai-4/lib/python3.10/site-packages (from compressai) (0.16.2)
Requirement already satisfied: tqdm in /apps/sw/miniconda/envs/ai-4/lib/python3.10/site-packages (from compressai) (4.65.0)
Requirement already satisfied: typing-extensions>=4.0.0 in /apps/sw/miniconda/envs/ai-4/lib/python3.10/site-packages (from compressai) (4.15.0)
Requirement already satisfied: wheel>=0.32.0 in /apps/sw/miniconda/envs/ai-4/lib/python3.10/site-packages (from compressai) (0.38.4)
Requirement already satisfied: filelock in /apps/sw/miniconda/envs/ai-4/lib/python3.10/site-packages (from torch>=1.13.1->compressai) (3.9.0)
Requirement already satisfied: sympy in /apps/sw/miniconda/envs/ai-4/lib/python3.10/site-packages (from torch>=1.13.1->compressai) (1.11.1)
Requirement already satisfied: networkx in /apps/sw/miniconda/envs/ai-4/lib/python3.10/site-packages (from torch>=1.13.1->compressai) (3.1)
Requirement already satisfied: jinja2 in /apps/sw/miniconda/envs/ai-4/lib/python3.10/site-packages (from torch>=1.13.1->compressai) (3.1.2)
Requirement already satisfied: fsspec in /apps/sw/miniconda/envs/ai-4/lib/python3.10/site-packages (from torch>=1.13.1->compressai) (2025.3.0)
Requirement already satisfied: aiohttp in /apps/sw/miniconda/envs/ai-4/lib/python3.10/site-packages (from torch-geometric>=2.3.0->compressai) (3.8.5)
Requirement already satisfied: psutil>=5.8.0 in /apps/sw/miniconda/envs/ai-4/lib/python3.10/site-packages (from torch-geometric>=2.3.0->compressai) (5.9.0)
Requirement already satisfied: pyparsing in /apps/sw/miniconda/envs/ai-4/lib/python3.10/site-packages (from torch-geometric>=2.3.0->compressai) (3.0.9)
Requirement already satisfied: requests in /apps/sw/miniconda/envs/ai-4/lib/python3.10/site-packages (from torch-geometric>=2.3.0->compressai) (2.31.0)
Requirement already satisfied: xxhash in /apps/sw/miniconda/envs/ai-4/lib/python3.10/site-packages (from torch-geometric>=2.3.0->compressai) (2.0.2)
Requirement already satisfied: attrs>=17.3.0 in /apps/sw/miniconda/envs/ai-4/lib/python3.10/site-packages (from aiohttp->torch-geometric>=2.3.0->compressai) (22.1.0)
Requirement already satisfied: charset-normalizer<4.0,>=2.0 in /apps/sw/miniconda/envs/ai-4/lib/python3.10/site-packages (from aiohttp->torch-geometric>=2.3.0->compressai) (2.0.4)
Requirement already satisfied: multidict<7.0,>=4.5 in /apps/sw/miniconda/envs/ai-4/lib/python3.10/site-packages (from aiohttp->torch-geometric>=2.3.0->compressai) (6.0.2)
Requirement already satisfied: async-timeout<5.0,>=4.0.0a3 in /apps/sw/miniconda/envs/ai-4/lib/python3.10/site-packages (from aiohttp->torch-geometric>=2.3.0->compressai) (4.0.2)
Requirement already satisfied: yarl<2.0,>=1.0 in /apps/sw/miniconda/envs/ai-4/lib/python3.10/site-packages (from aiohttp->torch-geometric>=2.3.0->compressai) (1.8.1)
Requirement already satisfied: frozenlist>=1.1.1 in /apps/sw/miniconda/envs/ai-4/lib/python3.10/site-packages (from aiohttp->torch-geometric>=2.3.0->compressai) (1.3.3)
Requirement already satisfied: aiosignal>=1.1.2 in /apps/sw/miniconda/envs/ai-4/lib/python3.10/site-packages (from aiohttp->torch-geometric>=2.3.0->compressai) (1.2.0)
Requirement already satisfied: idna>=2.0 in /apps/sw/miniconda/envs/ai-4/lib/python3.10/site-packages (from yarl<2.0,>=1.0->aiohttp->torch-geometric>=2.3.0->compressai) (3.4)
Requirement already satisfied: MarkupSafe>=2.0 in /apps/sw/miniconda/envs/ai-4/lib/python3.10/site-packages (from jinja2->torch>=1.13.1->compressai) (2.1.1)
Requirement already satisfied: contourpy>=1.0.1 in /apps/sw/miniconda/envs/ai-4/lib/python3.10/site-packages (from matplotlib->compressai) (1.0.5)
Requirement already satisfied: cycler>=0.10 in /apps/sw/miniconda/envs/ai-4/lib/python3.10/site-packages (from matplotlib->compressai) (0.11.0)
Requirement already satisfied: fonttools>=4.22.0 in /apps/sw/miniconda/envs/ai-4/lib/python3.10/site-packages (from matplotlib->compressai) (4.25.0)
Requirement already satisfied: kiwisolver>=1.0.1 in /apps/sw/miniconda/envs/ai-4/lib/python3.10/site-packages (from matplotlib->compressai) (1.4.4)
Requirement already satisfied: packaging>=20.0 in /apps/sw/miniconda/envs/ai-4/lib/python3.10/site-packages (from matplotlib->compressai) (23.1)
Requirement already satisfied: pillow>=6.2.0 in /apps/sw/miniconda/envs/ai-4/lib/python3.10/site-packages (from matplotlib->compressai) (9.4.0)
Requirement already satisfied: python-dateutil>=2.7 in /apps/sw/miniconda/envs/ai-4/lib/python3.10/site-packages (from matplotlib->compressai) (2.8.2)
Requirement already satisfied: six>=1.5 in /apps/sw/miniconda/envs/ai-4/lib/python3.10/site-packages (from python-dateutil>=2.7->matplotlib->compressai) (1.16.0)
Requirement already satisfied: pytz>=2020.1 in /apps/sw/miniconda/envs/ai-4/lib/python3.10/site-packages (from pandas->compressai) (2023.3.post1)
Requirement already satisfied: tzdata>=2022.1 in /apps/sw/miniconda/envs/ai-4/lib/python3.10/site-packages (from pandas->compressai) (2023.3)
Requirement already satisfied: urllib3<3,>=1.21.1 in /apps/sw/miniconda/envs/ai-4/lib/python3.10/site-packages (from requests->torch-geometric>=2.3.0->compressai) (1.26.16)
Requirement already satisfied: certifi>=2017.4.17 in /apps/sw/miniconda/envs/ai-4/lib/python3.10/site-packages (from requests->torch-geometric>=2.3.0->compressai) (2023.11.17)
Requirement already satisfied: mpmath>=0.19 in /apps/sw/miniconda/envs/ai-4/lib/python3.10/site-packages (from sympy->torch>=1.13.1->compressai) (1.3.0)

[notice] A new release of pip is available: 25.1.1 -> 26.0.1
[notice] To update, run: pip install --upgrade pip
Dataset: Loaded 20000 images (Starting from index 40000)
Distillation: Student(96ch) -> Teacher(320ch)
Resuming training from: ./checkpoints/student_epoch_4_imgs_40000.pth
cuda

--- Starting Epoch 5 (Focus: Image Quality) ---
Epoch 5 [0/2500] | Loss: 11.1717 | MSE: 0.00100
Epoch 5 [20/2500] | Loss: 7.4631 | MSE: 0.00104
Epoch 5 [40/2500] | Loss: 8.5234 | MSE: 0.00087
Epoch 5 [60/2500] | Loss: 7.6690 | MSE: 0.00079
Epoch 5 [80/2500] | Loss: 9.6298 | MSE: 0.00080
Epoch 5 [100/2500] | Loss: 7.2647 | MSE: 0.00062
Epoch 5 [120/2500] | Loss: 7.5585 | MSE: 0.00082
Epoch 5 [140/2500] | Loss: 6.6450 | MSE: 0.00089
Epoch 5 [160/2500] | Loss: 8.4963 | MSE: 0.00129
Epoch 5 [180/2500] | Loss: 4.9597 | MSE: 0.00049
Epoch 5 [200/2500] | Loss: 6.5860 | MSE: 0.00089
Epoch 5 [220/2500] | Loss: 5.6159 | MSE: 0.00069
Epoch 5 [240/2500] | Loss: 8.8171 | MSE: 0.00150
Epoch 5 [260/2500] | Loss: 6.5810 | MSE: 0.00117
Epoch 5 [280/2500] | Loss: 6.9514 | MSE: 0.00075
Epoch 5 [300/2500] | Loss: 5.6620 | MSE: 0.00093
Epoch 5 [320/2500] | Loss: 4.1867 | MSE: 0.00052
Epoch 5 [340/2500] | Loss: 7.5402 | MSE: 0.00151
Epoch 5 [360/2500] | Loss: 10.2578 | MSE: 0.00198
Epoch 5 [380/2500] | Loss: 5.4350 | MSE: 0.00088
Epoch 5 [400/2500] | Loss: 4.5835 | MSE: 0.00080
Epoch 5 [420/2500] | Loss: 6.8807 | MSE: 0.00135
Epoch 5 [440/2500] | Loss: 5.1497 | MSE: 0.00089
Epoch 5 [460/2500] | Loss: 4.1511 | MSE: 0.00071
Epoch 5 [480/2500] | Loss: 4.9771 | MSE: 0.00096
Epoch 5 [500/2500] | Loss: 7.4406 | MSE: 0.00166
Epoch 5 [520/2500] | Loss: 4.1901 | MSE: 0.00069
Epoch 5 [540/2500] | Loss: 6.9557 | MSE: 0.00150
Epoch 5 [560/2500] | Loss: 5.6321 | MSE: 0.00097
Epoch 5 [580/2500] | Loss: 4.8052 | MSE: 0.00086
Epoch 5 [600/2500] | Loss: 4.2253 | MSE: 0.00071
Epoch 5 [620/2500] | Loss: 7.0405 | MSE: 0.00146
Epoch 5 [640/2500] | Loss: 4.7115 | MSE: 0.00081
Epoch 5 [660/2500] | Loss: 5.3186 | MSE: 0.00101
Epoch 5 [680/2500] | Loss: 6.4473 | MSE: 0.00140
Epoch 5 [700/2500] | Loss: 3.5071 | MSE: 0.00055
Epoch 5 [720/2500] | Loss: 3.6236 | MSE: 0.00064
Epoch 5 [740/2500] | Loss: 3.4586 | MSE: 0.00060
Epoch 5 [760/2500] | Loss: 3.6480 | MSE: 0.00061
Epoch 5 [780/2500] | Loss: 4.9186 | MSE: 0.00099
Epoch 5 [800/2500] | Loss: 5.4422 | MSE: 0.00112
Epoch 5 [820/2500] | Loss: 3.4071 | MSE: 0.00057
Epoch 5 [840/2500] | Loss: 4.0734 | MSE: 0.00079
Epoch 5 [860/2500] | Loss: 3.3633 | MSE: 0.00054
Epoch 5 [880/2500] | Loss: 3.9653 | MSE: 0.00065
Epoch 5 [900/2500] | Loss: 5.1383 | MSE: 0.00111
Epoch 5 [920/2500] | Loss: 5.5334 | MSE: 0.00114
Epoch 5 [940/2500] | Loss: 5.8168 | MSE: 0.00117
Epoch 5 [960/2500] | Loss: 3.8533 | MSE: 0.00075
Epoch 5 [980/2500] | Loss: 4.8352 | MSE: 0.00100
Epoch 5 [1000/2500] | Loss: 9.8222 | MSE: 0.00246
Epoch 5 [1020/2500] | Loss: 4.9294 | MSE: 0.00097
Epoch 5 [1040/2500] | Loss: 3.5163 | MSE: 0.00061
Epoch 5 [1060/2500] | Loss: 3.8235 | MSE: 0.00069
Epoch 5 [1080/2500] | Loss: 5.8678 | MSE: 0.00132
Epoch 5 [1100/2500] | Loss: 6.2707 | MSE: 0.00146
Epoch 5 [1120/2500] | Loss: 3.6539 | MSE: 0.00070
Epoch 5 [1140/2500] | Loss: 4.5223 | MSE: 0.00094
Epoch 5 [1160/2500] | Loss: 3.1487 | MSE: 0.00054
Epoch 5 [1180/2500] | Loss: 4.2204 | MSE: 0.00081
Epoch 5 [1200/2500] | Loss: 2.7879 | MSE: 0.00045
Epoch 5 [1220/2500] | Loss: 4.4424 | MSE: 0.00090
Epoch 5 [1240/2500] | Loss: 5.2640 | MSE: 0.00116
Epoch 5 [1260/2500] | Loss: 4.9352 | MSE: 0.00106
Epoch 5 [1280/2500] | Loss: 2.5810 | MSE: 0.00039
Epoch 5 [1300/2500] | Loss: 4.2857 | MSE: 0.00085
Epoch 5 [1320/2500] | Loss: 9.2233 | MSE: 0.00233
Epoch 5 [1340/2500] | Loss: 3.4924 | MSE: 0.00063
Epoch 5 [1360/2500] | Loss: 4.8041 | MSE: 0.00101
Epoch 5 [1380/2500] | Loss: 5.0949 | MSE: 0.00111
Epoch 5 [1400/2500] | Loss: 3.4407 | MSE: 0.00065
Epoch 5 [1420/2500] | Loss: 3.6825 | MSE: 0.00069
Epoch 5 [1440/2500] | Loss: 6.2782 | MSE: 0.00146
Epoch 5 [1460/2500] | Loss: 3.0341 | MSE: 0.00051
Epoch 5 [1480/2500] | Loss: 4.2473 | MSE: 0.00089
Epoch 5 [1500/2500] | Loss: 3.5409 | MSE: 0.00066
Epoch 5 [1520/2500] | Loss: 2.9251 | MSE: 0.00050
Epoch 5 [1540/2500] | Loss: 4.3221 | MSE: 0.00090
Epoch 5 [1560/2500] | Loss: 5.5707 | MSE: 0.00126
Epoch 5 [1580/2500] | Loss: 3.7773 | MSE: 0.00073
Epoch 5 [1600/2500] | Loss: 2.8372 | MSE: 0.00049
Epoch 5 [1620/2500] | Loss: 3.5230 | MSE: 0.00065
Epoch 5 [1640/2500] | Loss: 5.2078 | MSE: 0.00112
Epoch 5 [1660/2500] | Loss: 4.1486 | MSE: 0.00084
Epoch 5 [1680/2500] | Loss: 5.1953 | MSE: 0.00114
Epoch 5 [1700/2500] | Loss: 3.1656 | MSE: 0.00058
Epoch 5 [1720/2500] | Loss: 5.0022 | MSE: 0.00111
Epoch 5 [1740/2500] | Loss: 2.5372 | MSE: 0.00042
Epoch 5 [1760/2500] | Loss: 5.0750 | MSE: 0.00116
Epoch 5 [1780/2500] | Loss: 3.3788 | MSE: 0.00065
Epoch 5 [1800/2500] | Loss: 3.5149 | MSE: 0.00065
Epoch 5 [1820/2500] | Loss: 3.9579 | MSE: 0.00080
Epoch 5 [1840/2500] | Loss: 3.1292 | MSE: 0.00058
Epoch 5 [1860/2500] | Loss: 4.7933 | MSE: 0.00103
Epoch 5 [1880/2500] | Loss: 2.9606 | MSE: 0.00056
Epoch 5 [1900/2500] | Loss: 5.2288 | MSE: 0.00119
Epoch 5 [1920/2500] | Loss: 4.0965 | MSE: 0.00087
Epoch 5 [1940/2500] | Loss: 3.5561 | MSE: 0.00070
Epoch 5 [1960/2500] | Loss: 6.9068 | MSE: 0.00171
Epoch 5 [1980/2500] | Loss: 3.3376 | MSE: 0.00065
Epoch 5 [2000/2500] | Loss: 3.7441 | MSE: 0.00074
Epoch 5 [2020/2500] | Loss: 3.9098 | MSE: 0.00082
Epoch 5 [2040/2500] | Loss: 5.5413 | MSE: 0.00130
Epoch 5 [2060/2500] | Loss: 3.9254 | MSE: 0.00084
Epoch 5 [2080/2500] | Loss: 3.3823 | MSE: 0.00064
Epoch 5 [2100/2500] | Loss: 3.0525 | MSE: 0.00059
Epoch 5 [2120/2500] | Loss: 3.3826 | MSE: 0.00065
Epoch 5 [2140/2500] | Loss: 3.1119 | MSE: 0.00058
Epoch 5 [2160/2500] | Loss: 3.5430 | MSE: 0.00071
Epoch 5 [2180/2500] | Loss: 2.9800 | MSE: 0.00057
Epoch 5 [2200/2500] | Loss: 4.3805 | MSE: 0.00096
Epoch 5 [2220/2500] | Loss: 3.5231 | MSE: 0.00075
Epoch 5 [2240/2500] | Loss: 4.5696 | MSE: 0.00101
Epoch 5 [2260/2500] | Loss: 4.7980 | MSE: 0.00106
Epoch 5 [2280/2500] | Loss: 5.0904 | MSE: 0.00115
Epoch 5 [2300/2500] | Loss: 4.4926 | MSE: 0.00095
Epoch 5 [2320/2500] | Loss: 3.2791 | MSE: 0.00064
Epoch 5 [2340/2500] | Loss: 4.1639 | MSE: 0.00090
Epoch 5 [2360/2500] | Loss: 2.9360 | MSE: 0.00058
Epoch 5 [2380/2500] | Loss: 2.5940 | MSE: 0.00046
Epoch 5 [2400/2500] | Loss: 3.3048 | MSE: 0.00064
Epoch 5 [2420/2500] | Loss: 3.8643 | MSE: 0.00081
Epoch 5 [2440/2500] | Loss: 2.4734 | MSE: 0.00043
Epoch 5 [2460/2500] | Loss: 3.4845 | MSE: 0.00071
Epoch 5 [2480/2500] | Loss: 4.6919 | MSE: 0.00104
Checkpoint saved: ./checkpoints/student_epoch_5_imgs_40000.pth

--- Starting Epoch 6 (Focus: Image Quality) ---
Epoch 6 [0/2500] | Loss: 5.5145 | MSE: 0.00131
Epoch 6 [20/2500] | Loss: 7.6862 | MSE: 0.00194
Epoch 6 [40/2500] | Loss: 4.8144 | MSE: 0.00112
Epoch 6 [60/2500] | Loss: 4.0659 | MSE: 0.00089
Epoch 6 [80/2500] | Loss: 3.0931 | MSE: 0.00062
Epoch 6 [100/2500] | Loss: 5.6532 | MSE: 0.00138
Epoch 6 [120/2500] | Loss: 3.9936 | MSE: 0.00085
Epoch 6 [140/2500] | Loss: 2.4511 | MSE: 0.00044
Epoch 6 [160/2500] | Loss: 3.9994 | MSE: 0.00088
Epoch 6 [180/2500] | Loss: 3.4756 | MSE: 0.00072
Epoch 6 [200/2500] | Loss: 2.7019 | MSE: 0.00051
Epoch 6 [220/2500] | Loss: 2.5583 | MSE: 0.00047
Epoch 6 [240/2500] | Loss: 2.7269 | MSE: 0.00050
Epoch 6 [260/2500] | Loss: 3.3446 | MSE: 0.00071
Epoch 6 [280/2500] | Loss: 2.7510 | MSE: 0.00052
Epoch 6 [300/2500] | Loss: 3.1502 | MSE: 0.00064
Epoch 6 [320/2500] | Loss: 3.2195 | MSE: 0.00064
Epoch 6 [340/2500] | Loss: 2.7471 | MSE: 0.00051
Epoch 6 [360/2500] | Loss: 3.0784 | MSE: 0.00063
Epoch 6 [380/2500] | Loss: 3.4075 | MSE: 0.00068
Epoch 6 [400/2500] | Loss: 3.8055 | MSE: 0.00082
Epoch 6 [420/2500] | Loss: 4.3239 | MSE: 0.00096
Epoch 6 [440/2500] | Loss: 3.9476 | MSE: 0.00086
Epoch 6 [460/2500] | Loss: 5.7045 | MSE: 0.00138
Epoch 6 [480/2500] | Loss: 4.8328 | MSE: 0.00113
Epoch 6 [500/2500] | Loss: 4.4099 | MSE: 0.00104
Epoch 6 [520/2500] | Loss: 4.2303 | MSE: 0.00094
Epoch 6 [540/2500] | Loss: 3.2537 | MSE: 0.00065
Epoch 6 [560/2500] | Loss: 2.7526 | MSE: 0.00052
Epoch 6 [580/2500] | Loss: 3.3269 | MSE: 0.00070
Epoch 6 [600/2500] | Loss: 2.7802 | MSE: 0.00051
Epoch 6 [620/2500] | Loss: 3.6490 | MSE: 0.00078
Epoch 6 [640/2500] | Loss: 3.1238 | MSE: 0.00063
Epoch 6 [660/2500] | Loss: 2.9347 | MSE: 0.00059
Epoch 6 [680/2500] | Loss: 4.4553 | MSE: 0.00102
Epoch 6 [700/2500] | Loss: 5.5418 | MSE: 0.00131
Epoch 6 [720/2500] | Loss: 2.4436 | MSE: 0.00043
Epoch 6 [740/2500] | Loss: 3.0301 | MSE: 0.00060
Epoch 6 [760/2500] | Loss: 2.9804 | MSE: 0.00059
Epoch 6 [780/2500] | Loss: 2.4352 | MSE: 0.00044
Epoch 6 [800/2500] | Loss: 4.5205 | MSE: 0.00104
Epoch 6 [820/2500] | Loss: 2.5600 | MSE: 0.00046
Epoch 6 [840/2500] | Loss: 2.4186 | MSE: 0.00043
Epoch 6 [860/2500] | Loss: 2.7132 | MSE: 0.00052
Epoch 6 [880/2500] | Loss: 5.2566 | MSE: 0.00125
Epoch 6 [900/2500] | Loss: 3.4334 | MSE: 0.00073
Epoch 6 [920/2500] | Loss: 2.5963 | MSE: 0.00049
Epoch 6 [940/2500] | Loss: 2.9400 | MSE: 0.00058
Epoch 6 [960/2500] | Loss: 3.6289 | MSE: 0.00079
Epoch 6 [980/2500] | Loss: 2.5211 | MSE: 0.00046
Epoch 6 [1000/2500] | Loss: 3.1101 | MSE: 0.00064
Epoch 6 [1020/2500] | Loss: 3.1583 | MSE: 0.00067
Epoch 6 [1040/2500] | Loss: 2.8883 | MSE: 0.00058
Epoch 6 [1060/2500] | Loss: 4.4080 | MSE: 0.00101
Epoch 6 [1080/2500] | Loss: 3.4223 | MSE: 0.00074
Epoch 6 [1100/2500] | Loss: 2.9632 | MSE: 0.00059
Epoch 6 [1120/2500] | Loss: 4.1267 | MSE: 0.00096
Epoch 6 [1140/2500] | Loss: 2.6477 | MSE: 0.00050
Epoch 6 [1160/2500] | Loss: 6.4472 | MSE: 0.00164
Epoch 6 [1180/2500] | Loss: 2.9096 | MSE: 0.00058
Epoch 6 [1200/2500] | Loss: 3.6124 | MSE: 0.00078
Epoch 6 [1220/2500] | Loss: 2.9203 | MSE: 0.00060
Epoch 6 [1240/2500] | Loss: 3.7853 | MSE: 0.00083
Epoch 6 [1260/2500] | Loss: 1.9497 | MSE: 0.00032
Epoch 6 [1280/2500] | Loss: 2.1719 | MSE: 0.00038
Epoch 6 [1300/2500] | Loss: 2.3619 | MSE: 0.00042
Epoch 6 [1320/2500] | Loss: 2.2883 | MSE: 0.00040
Epoch 6 [1340/2500] | Loss: 3.0865 | MSE: 0.00063
Epoch 6 [1360/2500] | Loss: 2.7566 | MSE: 0.00054
Epoch 6 [1380/2500] | Loss: 2.7311 | MSE: 0.00054
Epoch 6 [1400/2500] | Loss: 3.0580 | MSE: 0.00064
Epoch 6 [1420/2500] | Loss: 2.7242 | MSE: 0.00054
Epoch 6 [1440/2500] | Loss: 4.5263 | MSE: 0.00107
Epoch 6 [1460/2500] | Loss: 3.9343 | MSE: 0.00090
Epoch 6 [1480/2500] | Loss: 2.5139 | MSE: 0.00047
Epoch 6 [1500/2500] | Loss: 2.2700 | MSE: 0.00041
Epoch 6 [1520/2500] | Loss: 2.7034 | MSE: 0.00054
Epoch 6 [1540/2500] | Loss: 4.0873 | MSE: 0.00089
Epoch 6 [1560/2500] | Loss: 1.8966 | MSE: 0.00032
Epoch 6 [1580/2500] | Loss: 2.3521 | MSE: 0.00044
Epoch 6 [1600/2500] | Loss: 3.5442 | MSE: 0.00075
Epoch 6 [1620/2500] | Loss: 4.0040 | MSE: 0.00092
Epoch 6 [1640/2500] | Loss: 2.4018 | MSE: 0.00046
Epoch 6 [1660/2500] | Loss: 4.5809 | MSE: 0.00109
Epoch 6 [1680/2500] | Loss: 4.0334 | MSE: 0.00092
Epoch 6 [1700/2500] | Loss: 2.2487 | MSE: 0.00040
Epoch 6 [1720/2500] | Loss: 2.6381 | MSE: 0.00052
Epoch 6 [1740/2500] | Loss: 2.7110 | MSE: 0.00053
Epoch 6 [1760/2500] | Loss: 4.2049 | MSE: 0.00094
Epoch 6 [1780/2500] | Loss: 2.6029 | MSE: 0.00050
Epoch 6 [1800/2500] | Loss: 2.6283 | MSE: 0.00053
Epoch 6 [1820/2500] | Loss: 4.6127 | MSE: 0.00111
Epoch 6 [1840/2500] | Loss: 2.1351 | MSE: 0.00037
Epoch 6 [1860/2500] | Loss: 2.3362 | MSE: 0.00044
Epoch 6 [1880/2500] | Loss: 2.9057 | MSE: 0.00058
Epoch 6 [1900/2500] | Loss: 2.8063 | MSE: 0.00058
Epoch 6 [1920/2500] | Loss: 9.4016 | MSE: 0.00253
Epoch 6 [1940/2500] | Loss: 2.2470 | MSE: 0.00042
Epoch 6 [1960/2500] | Loss: 3.1648 | MSE: 0.00068
Epoch 6 [1980/2500] | Loss: 3.9995 | MSE: 0.00093
Epoch 6 [2000/2500] | Loss: 4.2933 | MSE: 0.00100
Epoch 6 [2020/2500] | Loss: 5.2991 | MSE: 0.00132
Epoch 6 [2040/2500] | Loss: 84.7399 | MSE: 0.02538
Epoch 6 [2060/2500] | Loss: 25.5721 | MSE: 0.00708
Epoch 6 [2080/2500] | Loss: 5.8529 | MSE: 0.00117
Epoch 6 [2100/2500] | Loss: 3.8234 | MSE: 0.00067
Epoch 6 [2120/2500] | Loss: 3.6816 | MSE: 0.00073
Epoch 6 [2140/2500] | Loss: 3.7687 | MSE: 0.00075
Epoch 6 [2160/2500] | Loss: 3.6374 | MSE: 0.00075
Epoch 6 [2180/2500] | Loss: 2.8854 | MSE: 0.00052
Epoch 6 [2200/2500] | Loss: 3.2936 | MSE: 0.00065
Epoch 6 [2220/2500] | Loss: 2.7048 | MSE: 0.00050
Epoch 6 [2240/2500] | Loss: 3.5739 | MSE: 0.00077
Epoch 6 [2260/2500] | Loss: 3.3838 | MSE: 0.00070
Epoch 6 [2280/2500] | Loss: 5.0873 | MSE: 0.00121
Epoch 6 [2300/2500] | Loss: 3.0941 | MSE: 0.00062
Epoch 6 [2320/2500] | Loss: 3.4833 | MSE: 0.00076
Epoch 6 [2340/2500] | Loss: 2.3144 | MSE: 0.00039
Epoch 6 [2360/2500] | Loss: 2.8396 | MSE: 0.00055
Epoch 6 [2380/2500] | Loss: 2.9061 | MSE: 0.00058
Epoch 6 [2400/2500] | Loss: 3.0665 | MSE: 0.00063
Epoch 6 [2420/2500] | Loss: 2.9915 | MSE: 0.00062
Epoch 6 [2440/2500] | Loss: 3.7729 | MSE: 0.00083
Epoch 6 [2460/2500] | Loss: 4.9003 | MSE: 0.00118
Epoch 6 [2480/2500] | Loss: 3.3722 | MSE: 0.00074
Checkpoint saved: ./checkpoints/student_epoch_6_imgs_40000.pth

--- Starting Epoch 7 (Focus: Image Quality) ---
Epoch 7 [0/2500] | Loss: 3.9736 | MSE: 0.00088
Epoch 7 [20/2500] | Loss: 4.4473 | MSE: 0.00104
Epoch 7 [40/2500] | Loss: 2.0027 | MSE: 0.00034
Epoch 7 [60/2500] | Loss: 2.6533 | MSE: 0.00051
Epoch 7 [80/2500] | Loss: 3.0071 | MSE: 0.00062
Epoch 7 [100/2500] | Loss: 2.7999 | MSE: 0.00057
Epoch 7 [120/2500] | Loss: 3.6973 | MSE: 0.00082
Epoch 7 [140/2500] | Loss: 3.5406 | MSE: 0.00078
Epoch 7 [160/2500] | Loss: 2.9923 | MSE: 0.00062
Epoch 7 [180/2500] | Loss: 2.9892 | MSE: 0.00061
Epoch 7 [200/2500] | Loss: 2.7623 | MSE: 0.00055
Epoch 7 [220/2500] | Loss: 2.5111 | MSE: 0.00047
Epoch 7 [240/2500] | Loss: 3.4622 | MSE: 0.00075
Epoch 7 [260/2500] | Loss: 5.1499 | MSE: 0.00124
Epoch 7 [280/2500] | Loss: 1.9419 | MSE: 0.00034
Epoch 7 [300/2500] | Loss: 3.4432 | MSE: 0.00077
Epoch 7 [320/2500] | Loss: 4.7436 | MSE: 0.00114
Epoch 7 [340/2500] | Loss: 2.6147 | MSE: 0.00054
Epoch 7 [360/2500] | Loss: 2.0756 | MSE: 0.00038
Epoch 7 [380/2500] | Loss: 2.9918 | MSE: 0.00063
Epoch 7 [400/2500] | Loss: 2.6359 | MSE: 0.00053
Epoch 7 [420/2500] | Loss: 4.6527 | MSE: 0.00110
Epoch 7 [440/2500] | Loss: 2.8305 | MSE: 0.00059
Epoch 7 [460/2500] | Loss: 2.5489 | MSE: 0.00052
Epoch 7 [480/2500] | Loss: 4.1392 | MSE: 0.00096
Epoch 7 [500/2500] | Loss: 2.2367 | MSE: 0.00041
Epoch 7 [520/2500] | Loss: 5.2170 | MSE: 0.00129
Epoch 7 [540/2500] | Loss: 2.1316 | MSE: 0.00038
Epoch 7 [560/2500] | Loss: 3.2891 | MSE: 0.00071
Epoch 7 [580/2500] | Loss: 4.5200 | MSE: 0.00108
Epoch 7 [600/2500] | Loss: 3.7144 | MSE: 0.00083
Epoch 7 [620/2500] | Loss: 3.3582 | MSE: 0.00074
Epoch 7 [640/2500] | Loss: 3.8880 | MSE: 0.00091
Epoch 7 [660/2500] | Loss: 2.1961 | MSE: 0.00041
Epoch 7 [680/2500] | Loss: 2.7508 | MSE: 0.00058
Epoch 7 [700/2500] | Loss: 2.6622 | MSE: 0.00055
Epoch 7 [720/2500] | Loss: 2.8514 | MSE: 0.00059
Epoch 7 [740/2500] | Loss: 2.1428 | MSE: 0.00039
Epoch 7 [760/2500] | Loss: 2.3335 | MSE: 0.00045
Epoch 7 [780/2500] | Loss: 2.3178 | MSE: 0.00045
Epoch 7 [800/2500] | Loss: 3.2714 | MSE: 0.00073
Epoch 7 [820/2500] | Loss: 2.0325 | MSE: 0.00036
Epoch 7 [840/2500] | Loss: 2.9656 | MSE: 0.00059
Epoch 7 [860/2500] | Loss: 2.8533 | MSE: 0.00060
Epoch 7 [880/2500] | Loss: 2.4221 | MSE: 0.00049
Epoch 7 [900/2500] | Loss: 2.4004 | MSE: 0.00048
Epoch 7 [920/2500] | Loss: 1.9337 | MSE: 0.00032
Epoch 7 [940/2500] | Loss: 3.3793 | MSE: 0.00075
Epoch 7 [960/2500] | Loss: 2.8306 | MSE: 0.00061
Epoch 7 [980/2500] | Loss: 2.6985 | MSE: 0.00057
Epoch 7 [1000/2500] | Loss: 3.6979 | MSE: 0.00084
Epoch 7 [1020/2500] | Loss: 2.1089 | MSE: 0.00038
Epoch 7 [1040/2500] | Loss: 4.5585 | MSE: 0.00109
Epoch 7 [1060/2500] | Loss: 3.3555 | MSE: 0.00075
Epoch 7 [1080/2500] | Loss: 3.8549 | MSE: 0.00091
Epoch 7 [1100/2500] | Loss: 2.7180 | MSE: 0.00055
Epoch 7 [1120/2500] | Loss: 2.0620 | MSE: 0.00039
Epoch 7 [1140/2500] | Loss: 3.2684 | MSE: 0.00072
Epoch 7 [1160/2500] | Loss: 3.8661 | MSE: 0.00090
Epoch 7 [1180/2500] | Loss: 2.2336 | MSE: 0.00042
Epoch 7 [1200/2500] | Loss: 3.6925 | MSE: 0.00085
Epoch 7 [1220/2500] | Loss: 5.7037 | MSE: 0.00143
Epoch 7 [1240/2500] | Loss: 2.8431 | MSE: 0.00061
Epoch 7 [1260/2500] | Loss: 3.2043 | MSE: 0.00070
Epoch 7 [1280/2500] | Loss: 4.7657 | MSE: 0.00117
Epoch 7 [1300/2500] | Loss: 3.5613 | MSE: 0.00082
Epoch 7 [1320/2500] | Loss: 5.4546 | MSE: 0.00138
Epoch 7 [1340/2500] | Loss: 2.7877 | MSE: 0.00061
Epoch 7 [1360/2500] | Loss: 3.7881 | MSE: 0.00090
Epoch 7 [1380/2500] | Loss: 2.9293 | MSE: 0.00063
Epoch 7 [1400/2500] | Loss: 3.2399 | MSE: 0.00071
Epoch 7 [1420/2500] | Loss: 2.5163 | MSE: 0.00051
Epoch 7 [1440/2500] | Loss: 3.8825 | MSE: 0.00089
Epoch 7 [1460/2500] | Loss: 3.9093 | MSE: 0.00091
Epoch 7 [1480/2500] | Loss: 4.3279 | MSE: 0.00102
Epoch 7 [1500/2500] | Loss: 3.7577 | MSE: 0.00089
Epoch 7 [1520/2500] | Loss: 2.8650 | MSE: 0.00063
Epoch 7 [1540/2500] | Loss: 2.1855 | MSE: 0.00045
Epoch 7 [1560/2500] | Loss: 2.1713 | MSE: 0.00042
Epoch 7 [1580/2500] | Loss: 1.7349 | MSE: 0.00028
Epoch 7 [1600/2500] | Loss: 2.1605 | MSE: 0.00040
Epoch 7 [1620/2500] | Loss: 2.8234 | MSE: 0.00058
Epoch 7 [1640/2500] | Loss: 4.0581 | MSE: 0.00094
Epoch 7 [1660/2500] | Loss: 2.8431 | MSE: 0.00061
Epoch 7 [1680/2500] | Loss: 1.8235 | MSE: 0.00033
Epoch 7 [1700/2500] | Loss: 5.4743 | MSE: 0.00138
Epoch 7 [1720/2500] | Loss: 3.7118 | MSE: 0.00087
Epoch 7 [1740/2500] | Loss: 6.1263 | MSE: 0.00157
Epoch 7 [1760/2500] | Loss: 2.7338 | MSE: 0.00058
Epoch 7 [1780/2500] | Loss: 3.1062 | MSE: 0.00068
Epoch 7 [1800/2500] | Loss: 2.8522 | MSE: 0.00062
Epoch 7 [1820/2500] | Loss: 2.1079 | MSE: 0.00041
Epoch 7 [1840/2500] | Loss: 3.3586 | MSE: 0.00075
Epoch 7 [1860/2500] | Loss: 2.6123 | MSE: 0.00055
Epoch 7 [1880/2500] | Loss: 3.5879 | MSE: 0.00085
Epoch 7 [1900/2500] | Loss: 2.6883 | MSE: 0.00056
Epoch 7 [1920/2500] | Loss: 2.3121 | MSE: 0.00045
Epoch 7 [1940/2500] | Loss: 3.1676 | MSE: 0.00072
Epoch 7 [1960/2500] | Loss: 2.0121 | MSE: 0.00039
Epoch 7 [1980/2500] | Loss: 2.7208 | MSE: 0.00056
Epoch 7 [2000/2500] | Loss: 3.1388 | MSE: 0.00071
Epoch 7 [2020/2500] | Loss: 4.8450 | MSE: 0.00120
Epoch 7 [2040/2500] | Loss: 3.7412 | MSE: 0.00086
Epoch 7 [2060/2500] | Loss: 2.1769 | MSE: 0.00042
Epoch 7 [2080/2500] | Loss: 2.0947 | MSE: 0.00039
Epoch 7 [2100/2500] | Loss: 2.8951 | MSE: 0.00062
Epoch 7 [2120/2500] | Loss: 2.7415 | MSE: 0.00059
Epoch 7 [2140/2500] | Loss: 3.3479 | MSE: 0.00076
Epoch 7 [2160/2500] | Loss: 2.2364 | MSE: 0.00045
Epoch 7 [2180/2500] | Loss: 2.9506 | MSE: 0.00065
Epoch 7 [2200/2500] | Loss: 2.6457 | MSE: 0.00055
Epoch 7 [2220/2500] | Loss: 1.3845 | MSE: 0.00023
Epoch 7 [2240/2500] | Loss: 2.8260 | MSE: 0.00061
Epoch 7 [2260/2500] | Loss: 2.8004 | MSE: 0.00060
Epoch 7 [2280/2500] | Loss: 16.4489 | MSE: 0.00478
Epoch 7 [2300/2500] | Loss: 4.5243 | MSE: 0.00109
Epoch 7 [2320/2500] | Loss: 3.4411 | MSE: 0.00078
Epoch 7 [2340/2500] | Loss: 3.6227 | MSE: 0.00084
Epoch 7 [2360/2500] | Loss: 5.0312 | MSE: 0.00128
Epoch 7 [2380/2500] | Loss: 2.0897 | MSE: 0.00042
Epoch 7 [2400/2500] | Loss: 5.2236 | MSE: 0.00128
Epoch 7 [2420/2500] | Loss: 3.1281 | MSE: 0.00069
Epoch 7 [2440/2500] | Loss: 1.9456 | MSE: 0.00037
Epoch 7 [2460/2500] | Loss: 3.1785 | MSE: 0.00070
Epoch 7 [2480/2500] | Loss: 4.2128 | MSE: 0.00101
Checkpoint saved: ./checkpoints/student_epoch_7_imgs_40000.pth

--- Starting Epoch 8 (Focus: Image Quality) ---
Epoch 8 [0/2500] | Loss: 2.5662 | MSE: 0.00054
Epoch 8 [20/2500] | Loss: 2.4077 | MSE: 0.00050
Epoch 8 [40/2500] | Loss: 1.8996 | MSE: 0.00035
Epoch 8 [60/2500] | Loss: 1.9632 | MSE: 0.00037
Epoch 8 [80/2500] | Loss: 2.4494 | MSE: 0.00050
Epoch 8 [100/2500] | Loss: 2.5183 | MSE: 0.00051
Epoch 8 [120/2500] | Loss: 3.0026 | MSE: 0.00066
Epoch 8 [140/2500] | Loss: 2.9607 | MSE: 0.00064
Epoch 8 [160/2500] | Loss: 2.6113 | MSE: 0.00056
Epoch 8 [180/2500] | Loss: 3.9324 | MSE: 0.00094
Epoch 8 [200/2500] | Loss: 2.5327 | MSE: 0.00053
Epoch 8 [220/2500] | Loss: 2.2296 | MSE: 0.00044
Epoch 8 [240/2500] | Loss: 3.0377 | MSE: 0.00069
Epoch 8 [260/2500] | Loss: 2.0564 | MSE: 0.00039
Epoch 8 [280/2500] | Loss: 2.6660 | MSE: 0.00057
Epoch 8 [300/2500] | Loss: 1.9970 | MSE: 0.00037
Epoch 8 [320/2500] | Loss: 3.9066 | MSE: 0.00094
Epoch 8 [340/2500] | Loss: 2.2623 | MSE: 0.00047
Epoch 8 [360/2500] | Loss: 2.9737 | MSE: 0.00066
Epoch 8 [380/2500] | Loss: 2.8303 | MSE: 0.00062
Epoch 8 [400/2500] | Loss: 2.9639 | MSE: 0.00065
Epoch 8 [420/2500] | Loss: 2.0665 | MSE: 0.00040
Epoch 8 [440/2500] | Loss: 3.1117 | MSE: 0.00070
Epoch 8 [460/2500] | Loss: 2.0806 | MSE: 0.00040
Epoch 8 [480/2500] | Loss: 2.1250 | MSE: 0.00042
Epoch 8 [500/2500] | Loss: 2.4349 | MSE: 0.00051
Epoch 8 [520/2500] | Loss: 4.3356 | MSE: 0.00105
Epoch 8 [540/2500] | Loss: 2.2940 | MSE: 0.00046
Epoch 8 [560/2500] | Loss: 2.3937 | MSE: 0.00050
Epoch 8 [580/2500] | Loss: 2.5170 | MSE: 0.00053
Epoch 8 [600/2500] | Loss: 5.1951 | MSE: 0.00130
Epoch 8 [620/2500] | Loss: 2.6144 | MSE: 0.00056
Epoch 8 [640/2500] | Loss: 2.4555 | MSE: 0.00052
Epoch 8 [660/2500] | Loss: 3.2330 | MSE: 0.00075
Epoch 8 [680/2500] | Loss: 2.6162 | MSE: 0.00057
Epoch 8 [700/2500] | Loss: 7.0406 | MSE: 0.00188
Epoch 8 [720/2500] | Loss: 2.0513 | MSE: 0.00040
Epoch 8 [740/2500] | Loss: 2.7297 | MSE: 0.00061
Epoch 8 [760/2500] | Loss: 2.6860 | MSE: 0.00058
Epoch 8 [780/2500] | Loss: 2.1182 | MSE: 0.00042
Epoch 8 [800/2500] | Loss: 2.9129 | MSE: 0.00065
Epoch 8 [820/2500] | Loss: 1.9551 | MSE: 0.00039
Epoch 8 [840/2500] | Loss: 2.7424 | MSE: 0.00059
Epoch 8 [860/2500] | Loss: 4.4995 | MSE: 0.00111
Epoch 8 [880/2500] | Loss: 1.8257 | MSE: 0.00036
Epoch 8 [900/2500] | Loss: 3.1505 | MSE: 0.00072
Epoch 8 [920/2500] | Loss: 2.2868 | MSE: 0.00047
Epoch 8 [940/2500] | Loss: 2.7514 | MSE: 0.00061
Epoch 8 [960/2500] | Loss: 3.4082 | MSE: 0.00078
Epoch 8 [980/2500] | Loss: 2.6132 | MSE: 0.00055
Epoch 8 [1000/2500] | Loss: 1.9454 | MSE: 0.00037
Epoch 8 [1020/2500] | Loss: 3.0022 | MSE: 0.00068
Epoch 8 [1040/2500] | Loss: 3.7576 | MSE: 0.00088
Epoch 8 [1060/2500] | Loss: 4.6026 | MSE: 0.00119
Epoch 8 [1080/2500] | Loss: 5.6459 | MSE: 0.00151
Epoch 8 [1100/2500] | Loss: 5.6245 | MSE: 0.00145
Epoch 8 [1120/2500] | Loss: 1.9520 | MSE: 0.00040
Epoch 8 [1140/2500] | Loss: 4.1416 | MSE: 0.00103
Epoch 8 [1160/2500] | Loss: 4.2139 | MSE: 0.00107
Epoch 8 [1180/2500] | Loss: 2.8373 | MSE: 0.00063
Epoch 8 [1200/2500] | Loss: 3.3384 | MSE: 0.00077
Epoch 8 [1220/2500] | Loss: 2.6093 | MSE: 0.00055
Epoch 8 [1240/2500] | Loss: 2.7504 | MSE: 0.00060
Epoch 8 [1260/2500] | Loss: 2.3185 | MSE: 0.00048
Epoch 8 [1280/2500] | Loss: 1.8344 | MSE: 0.00036
Epoch 8 [1300/2500] | Loss: 1.9475 | MSE: 0.00038
Epoch 8 [1320/2500] | Loss: 4.0638 | MSE: 0.00099
Epoch 8 [1340/2500] | Loss: 1.9782 | MSE: 0.00038
Epoch 8 [1360/2500] | Loss: 2.2357 | MSE: 0.00046
Epoch 8 [1380/2500] | Loss: 1.7535 | MSE: 0.00032
Epoch 8 [1400/2500] | Loss: 2.0814 | MSE: 0.00042
Epoch 8 [1420/2500] | Loss: 3.6997 | MSE: 0.00086
Epoch 8 [1440/2500] | Loss: 3.1610 | MSE: 0.00071
Epoch 8 [1460/2500] | Loss: 2.5100 | MSE: 0.00053
Epoch 8 [1480/2500] | Loss: 5.3132 | MSE: 0.00136
Epoch 8 [1500/2500] | Loss: 4.2761 | MSE: 0.00104
Epoch 8 [1520/2500] | Loss: 2.4332 | MSE: 0.00051
Epoch 8 [1540/2500] | Loss: 1.6198 | MSE: 0.00029
Epoch 8 [1560/2500] | Loss: 1.9824 | MSE: 0.00040
Epoch 8 [1580/2500] | Loss: 2.9822 | MSE: 0.00067
Epoch 8 [1600/2500] | Loss: 2.8207 | MSE: 0.00061
Epoch 8 [1620/2500] | Loss: 3.6692 | MSE: 0.00087
Epoch 8 [1640/2500] | Loss: 2.4428 | MSE: 0.00053
Epoch 8 [1660/2500] | Loss: 2.3340 | MSE: 0.00049
Epoch 8 [1680/2500] | Loss: 1.9103 | MSE: 0.00037
Epoch 8 [1700/2500] | Loss: 2.1006 | MSE: 0.00043
Epoch 8 [1720/2500] | Loss: 2.9375 | MSE: 0.00065
Epoch 8 [1740/2500] | Loss: 3.4141 | MSE: 0.00079
Epoch 8 [1760/2500] | Loss: 3.2595 | MSE: 0.00076
Epoch 8 [1780/2500] | Loss: 2.0440 | MSE: 0.00042
Epoch 8 [1800/2500] | Loss: 2.6817 | MSE: 0.00058
Epoch 8 [1820/2500] | Loss: 1.7912 | MSE: 0.00034
Epoch 8 [1840/2500] | Loss: 2.6485 | MSE: 0.00059
Epoch 8 [1860/2500] | Loss: 2.2816 | MSE: 0.00046
Epoch 8 [1880/2500] | Loss: 5.5217 | MSE: 0.00141
Epoch 8 [1900/2500] | Loss: 2.0230 | MSE: 0.00040
Epoch 8 [1920/2500] | Loss: 2.5198 | MSE: 0.00056
Epoch 8 [1940/2500] | Loss: 5.1121 | MSE: 0.00131
Epoch 8 [1960/2500] | Loss: 4.1626 | MSE: 0.00104
Epoch 8 [1980/2500] | Loss: 3.0171 | MSE: 0.00069
Epoch 8 [2000/2500] | Loss: 2.8459 | MSE: 0.00064
Epoch 8 [2020/2500] | Loss: 2.3040 | MSE: 0.00050
Epoch 8 [2040/2500] | Loss: 2.3634 | MSE: 0.00051
Epoch 8 [2060/2500] | Loss: 2.3930 | MSE: 0.00051
Epoch 8 [2080/2500] | Loss: 1.7929 | MSE: 0.00033
Epoch 8 [2100/2500] | Loss: 2.4178 | MSE: 0.00053
Epoch 8 [2120/2500] | Loss: 2.7327 | MSE: 0.00060
Epoch 8 [2140/2500] | Loss: 3.3284 | MSE: 0.00078
Epoch 8 [2160/2500] | Loss: 2.5239 | MSE: 0.00055
Epoch 8 [2180/2500] | Loss: 1.7106 | MSE: 0.00031
Epoch 8 [2200/2500] | Loss: 3.4942 | MSE: 0.00085
Epoch 8 [2220/2500] | Loss: 1.7864 | MSE: 0.00034
Epoch 8 [2240/2500] | Loss: 3.8279 | MSE: 0.00093
Epoch 8 [2260/2500] | Loss: 2.8404 | MSE: 0.00063
Epoch 8 [2280/2500] | Loss: 2.7144 | MSE: 0.00059
Epoch 8 [2300/2500] | Loss: 2.7780 | MSE: 0.00061
Epoch 8 [2320/2500] | Loss: 3.6096 | MSE: 0.00086
Epoch 8 [2340/2500] | Loss: 2.4807 | MSE: 0.00054
Epoch 8 [2360/2500] | Loss: 3.3309 | MSE: 0.00077
Epoch 8 [2380/2500] | Loss: 1.9300 | MSE: 0.00039
Epoch 8 [2400/2500] | Loss: 2.3211 | MSE: 0.00047
Epoch 8 [2420/2500] | Loss: 1.5687 | MSE: 0.00029
Epoch 8 [2440/2500] | Loss: 5.4963 | MSE: 0.00147
Epoch 8 [2460/2500] | Loss: 3.1359 | MSE: 0.00075
Epoch 8 [2480/2500] | Loss: 1.6727 | MSE: 0.00031
Checkpoint saved: ./checkpoints/student_epoch_8_imgs_40000.pth

--- Starting Epoch 9 (Focus: Image Quality) ---
Epoch 9 [0/2500] | Loss: 2.8874 | MSE: 0.00066
Epoch 9 [20/2500] | Loss: 2.3421 | MSE: 0.00050
Epoch 9 [40/2500] | Loss: 3.8709 | MSE: 0.00094
Epoch 9 [60/2500] | Loss: 1.8053 | MSE: 0.00036
Epoch 9 [80/2500] | Loss: 3.3901 | MSE: 0.00081
Epoch 9 [100/2500] | Loss: 2.2742 | MSE: 0.00048
Epoch 9 [120/2500] | Loss: 2.1422 | MSE: 0.00042
Epoch 9 [140/2500] | Loss: 2.8784 | MSE: 0.00065
Epoch 9 [160/2500] | Loss: 2.8176 | MSE: 0.00062
Epoch 9 [180/2500] | Loss: 2.1554 | MSE: 0.00044
Epoch 9 [200/2500] | Loss: 2.1096 | MSE: 0.00043
Epoch 9 [220/2500] | Loss: 2.5368 | MSE: 0.00054
Epoch 9 [240/2500] | Loss: 2.8830 | MSE: 0.00067
Epoch 9 [260/2500] | Loss: 2.8688 | MSE: 0.00067
Epoch 9 [280/2500] | Loss: 2.5550 | MSE: 0.00056
Epoch 9 [300/2500] | Loss: 2.5639 | MSE: 0.00056
Epoch 9 [320/2500] | Loss: 1.4863 | MSE: 0.00025
Epoch 9 [340/2500] | Loss: 2.6408 | MSE: 0.00060
Epoch 9 [360/2500] | Loss: 2.7786 | MSE: 0.00063
Epoch 9 [380/2500] | Loss: 2.7900 | MSE: 0.00062
Epoch 9 [400/2500] | Loss: 2.2765 | MSE: 0.00048
Epoch 9 [420/2500] | Loss: 3.8681 | MSE: 0.00092
Epoch 9 [440/2500] | Loss: 4.9232 | MSE: 0.00126
Epoch 9 [460/2500] | Loss: 4.7556 | MSE: 0.00122
Epoch 9 [480/2500] | Loss: 2.4773 | MSE: 0.00054
Epoch 9 [500/2500] | Loss: 2.1599 | MSE: 0.00045
Epoch 9 [520/2500] | Loss: 2.0943 | MSE: 0.00042
Epoch 9 [540/2500] | Loss: 3.5127 | MSE: 0.00083
Epoch 9 [560/2500] | Loss: 1.6657 | MSE: 0.00031
Epoch 9 [580/2500] | Loss: 4.0085 | MSE: 0.00096
Epoch 9 [600/2500] | Loss: 2.5067 | MSE: 0.00056
Epoch 9 [620/2500] | Loss: 3.1079 | MSE: 0.00072
Epoch 9 [640/2500] | Loss: 2.2107 | MSE: 0.00046
Epoch 9 [660/2500] | Loss: 3.4255 | MSE: 0.00082
Epoch 9 [680/2500] | Loss: 2.0070 | MSE: 0.00041
Epoch 9 [700/2500] | Loss: 6.9079 | MSE: 0.00188
Epoch 9 [720/2500] | Loss: 4.5670 | MSE: 0.00115
Epoch 9 [740/2500] | Loss: 2.2089 | MSE: 0.00046
Epoch 9 [760/2500] | Loss: 2.1207 | MSE: 0.00044
Epoch 9 [780/2500] | Loss: 3.1099 | MSE: 0.00074
Epoch 9 [800/2500] | Loss: 3.0751 | MSE: 0.00070
Epoch 9 [820/2500] | Loss: 1.9776 | MSE: 0.00040
Epoch 9 [840/2500] | Loss: 3.1786 | MSE: 0.00074
Epoch 9 [860/2500] | Loss: 2.0938 | MSE: 0.00043
Epoch 9 [880/2500] | Loss: 1.8032 | MSE: 0.00036
Epoch 9 [900/2500] | Loss: 3.1070 | MSE: 0.00073
Epoch 9 [920/2500] | Loss: 1.8996 | MSE: 0.00038
Epoch 9 [940/2500] | Loss: 1.5171 | MSE: 0.00028
Epoch 9 [960/2500] | Loss: 2.5194 | MSE: 0.00056
Epoch 9 [980/2500] | Loss: 3.1310 | MSE: 0.00073
Epoch 9 [1000/2500] | Loss: 2.9863 | MSE: 0.00068
Epoch 9 [1020/2500] | Loss: 2.1092 | MSE: 0.00043
Epoch 9 [1040/2500] | Loss: 2.3412 | MSE: 0.00050
Epoch 9 [1060/2500] | Loss: 3.3035 | MSE: 0.00076
Epoch 9 [1080/2500] | Loss: 1.8581 | MSE: 0.00035
Epoch 9 [1100/2500] | Loss: 3.0764 | MSE: 0.00071
Epoch 9 [1120/2500] | Loss: 3.5233 | MSE: 0.00085
Epoch 9 [1140/2500] | Loss: 2.4601 | MSE: 0.00053
Epoch 9 [1160/2500] | Loss: 3.0294 | MSE: 0.00071
Epoch 9 [1180/2500] | Loss: 3.1761 | MSE: 0.00077
Epoch 9 [1200/2500] | Loss: 3.5770 | MSE: 0.00085
Epoch 9 [1220/2500] | Loss: 11.7996 | MSE: 0.00338
Epoch 9 [1240/2500] | Loss: 2.2984 | MSE: 0.00049
Epoch 9 [1260/2500] | Loss: 2.3667 | MSE: 0.00051
Epoch 9 [1280/2500] | Loss: 3.2680 | MSE: 0.00077
Epoch 9 [1300/2500] | Loss: 3.5603 | MSE: 0.00084
Epoch 9 [1320/2500] | Loss: 2.5658 | MSE: 0.00058
Epoch 9 [1340/2500] | Loss: 2.2160 | MSE: 0.00045
Epoch 9 [1360/2500] | Loss: 2.2781 | MSE: 0.00048
Epoch 9 [1380/2500] | Loss: 1.8503 | MSE: 0.00037
Epoch 9 [1400/2500] | Loss: 3.8714 | MSE: 0.00095
Epoch 9 [1420/2500] | Loss: 2.0701 | MSE: 0.00043
Epoch 9 [1440/2500] | Loss: 2.8054 | MSE: 0.00062
Epoch 9 [1460/2500] | Loss: 2.3885 | MSE: 0.00050
Epoch 9 [1480/2500] | Loss: 2.0939 | MSE: 0.00044
Epoch 9 [1500/2500] | Loss: 3.1026 | MSE: 0.00071
Epoch 9 [1520/2500] | Loss: 2.6737 | MSE: 0.00059
Epoch 9 [1540/2500] | Loss: 1.8869 | MSE: 0.00038
Epoch 9 [1560/2500] | Loss: 2.4240 | MSE: 0.00053
Epoch 9 [1580/2500] | Loss: 1.9552 | MSE: 0.00039
Epoch 9 [1600/2500] | Loss: 2.8094 | MSE: 0.00062
Epoch 9 [1620/2500] | Loss: 2.1148 | MSE: 0.00044
Epoch 9 [1640/2500] | Loss: 2.2685 | MSE: 0.00050
Epoch 9 [1660/2500] | Loss: 2.3093 | MSE: 0.00051
Epoch 9 [1680/2500] | Loss: 2.0159 | MSE: 0.00042
Epoch 9 [1700/2500] | Loss: 2.3086 | MSE: 0.00048
Epoch 9 [1720/2500] | Loss: 2.0297 | MSE: 0.00040
Epoch 9 [1740/2500] | Loss: 1.8979 | MSE: 0.00037
Epoch 9 [1760/2500] | Loss: 2.3940 | MSE: 0.00053
Epoch 9 [1780/2500] | Loss: 2.2904 | MSE: 0.00048
Epoch 9 [1800/2500] | Loss: 2.9014 | MSE: 0.00065
Epoch 9 [1820/2500] | Loss: 1.8460 | MSE: 0.00037
Epoch 9 [1840/2500] | Loss: 3.3653 | MSE: 0.00080
Epoch 9 [1860/2500] | Loss: 2.9615 | MSE: 0.00068
Epoch 9 [1880/2500] | Loss: 2.8946 | MSE: 0.00066
Epoch 9 [1900/2500] | Loss: 1.7634 | MSE: 0.00036
Epoch 9 [1920/2500] | Loss: 1.9359 | MSE: 0.00040
Epoch 9 [1940/2500] | Loss: 2.2450 | MSE: 0.00049
Epoch 9 [1960/2500] | Loss: 2.2268 | MSE: 0.00047
Epoch 9 [1980/2500] | Loss: 5.3887 | MSE: 0.00138
Epoch 9 [2000/2500] | Loss: 2.9039 | MSE: 0.00066
Epoch 9 [2020/2500] | Loss: 2.4211 | MSE: 0.00051
Epoch 9 [2040/2500] | Loss: 2.0671 | MSE: 0.00042
Epoch 9 [2060/2500] | Loss: 7.4358 | MSE: 0.00198
Epoch 9 [2080/2500] | Loss: 2.0439 | MSE: 0.00041
Epoch 9 [2100/2500] | Loss: 2.1968 | MSE: 0.00046
Epoch 9 [2120/2500] | Loss: 2.1133 | MSE: 0.00045
Epoch 9 [2140/2500] | Loss: 2.0591 | MSE: 0.00042
Epoch 9 [2160/2500] | Loss: 1.4911 | MSE: 0.00026
Epoch 9 [2180/2500] | Loss: 1.6290 | MSE: 0.00031
Epoch 9 [2200/2500] | Loss: 3.7070 | MSE: 0.00088
Epoch 9 [2220/2500] | Loss: 2.1226 | MSE: 0.00044
Epoch 9 [2240/2500] | Loss: 2.7945 | MSE: 0.00063
Epoch 9 [2260/2500] | Loss: 2.9546 | MSE: 0.00070
Epoch 9 [2280/2500] | Loss: 1.9459 | MSE: 0.00038
Epoch 9 [2300/2500] | Loss: 3.1417 | MSE: 0.00074
Epoch 9 [2320/2500] | Loss: 2.4159 | MSE: 0.00051
Epoch 9 [2340/2500] | Loss: 3.7057 | MSE: 0.00090
Epoch 9 [2360/2500] | Loss: 4.5427 | MSE: 0.00115
Epoch 9 [2380/2500] | Loss: 2.5861 | MSE: 0.00057
Epoch 9 [2400/2500] | Loss: 2.2980 | MSE: 0.00049
Epoch 9 [2420/2500] | Loss: 1.4997 | MSE: 0.00027
Epoch 9 [2440/2500] | Loss: 2.1387 | MSE: 0.00045
Epoch 9 [2460/2500] | Loss: 2.2217 | MSE: 0.00046
Epoch 9 [2480/2500] | Loss: 2.3201 | MSE: 0.00050
Checkpoint saved: ./checkpoints/student_epoch_9_imgs_40000.pth
