Requirement already satisfied: compressai in /home/egb11/.local/lib/python3.10/site-packages (1.2.8)
Requirement already satisfied: einops in /home/egb11/.local/lib/python3.10/site-packages (from compressai) (0.8.2)
Requirement already satisfied: matplotlib in /apps/sw/miniconda/envs/ai-4/lib/python3.10/site-packages (from compressai) (3.7.2)
Requirement already satisfied: numpy<2.0,>=1.21.0 in /apps/sw/miniconda/envs/ai-4/lib/python3.10/site-packages (from compressai) (1.24.3)
Requirement already satisfied: pandas in /apps/sw/miniconda/envs/ai-4/lib/python3.10/site-packages (from compressai) (2.0.3)
Requirement already satisfied: pybind11>=2.6.0 in /home/egb11/.local/lib/python3.10/site-packages (from compressai) (3.0.2)
Requirement already satisfied: pytorch-msssim in /home/egb11/.local/lib/python3.10/site-packages (from compressai) (1.0.0)
Requirement already satisfied: scipy in /apps/sw/miniconda/envs/ai-4/lib/python3.10/site-packages (from compressai) (1.11.1)
Requirement already satisfied: setuptools>=68 in /apps/sw/miniconda/envs/ai-4/lib/python3.10/site-packages (from compressai) (68.0.0)
Requirement already satisfied: tomli>=2.2.1 in /home/egb11/.local/lib/python3.10/site-packages (from compressai) (2.4.0)
Requirement already satisfied: torch-geometric>=2.3.0 in /home/egb11/.local/lib/python3.10/site-packages (from compressai) (2.7.0)
Requirement already satisfied: torch>=1.13.1 in /apps/sw/miniconda/envs/ai-4/lib/python3.10/site-packages (from compressai) (2.1.2)
Requirement already satisfied: torchvision in /apps/sw/miniconda/envs/ai-4/lib/python3.10/site-packages (from compressai) (0.16.2)
Requirement already satisfied: tqdm in /apps/sw/miniconda/envs/ai-4/lib/python3.10/site-packages (from compressai) (4.65.0)
Requirement already satisfied: typing-extensions>=4.0.0 in /apps/sw/miniconda/envs/ai-4/lib/python3.10/site-packages (from compressai) (4.15.0)
Requirement already satisfied: wheel>=0.32.0 in /apps/sw/miniconda/envs/ai-4/lib/python3.10/site-packages (from compressai) (0.38.4)
Requirement already satisfied: filelock in /apps/sw/miniconda/envs/ai-4/lib/python3.10/site-packages (from torch>=1.13.1->compressai) (3.9.0)
Requirement already satisfied: sympy in /apps/sw/miniconda/envs/ai-4/lib/python3.10/site-packages (from torch>=1.13.1->compressai) (1.11.1)
Requirement already satisfied: networkx in /apps/sw/miniconda/envs/ai-4/lib/python3.10/site-packages (from torch>=1.13.1->compressai) (3.1)
Requirement already satisfied: jinja2 in /apps/sw/miniconda/envs/ai-4/lib/python3.10/site-packages (from torch>=1.13.1->compressai) (3.1.2)
Requirement already satisfied: fsspec in /apps/sw/miniconda/envs/ai-4/lib/python3.10/site-packages (from torch>=1.13.1->compressai) (2025.3.0)
Requirement already satisfied: aiohttp in /apps/sw/miniconda/envs/ai-4/lib/python3.10/site-packages (from torch-geometric>=2.3.0->compressai) (3.8.5)
Requirement already satisfied: psutil>=5.8.0 in /apps/sw/miniconda/envs/ai-4/lib/python3.10/site-packages (from torch-geometric>=2.3.0->compressai) (5.9.0)
Requirement already satisfied: pyparsing in /apps/sw/miniconda/envs/ai-4/lib/python3.10/site-packages (from torch-geometric>=2.3.0->compressai) (3.0.9)
Requirement already satisfied: requests in /apps/sw/miniconda/envs/ai-4/lib/python3.10/site-packages (from torch-geometric>=2.3.0->compressai) (2.31.0)
Requirement already satisfied: xxhash in /apps/sw/miniconda/envs/ai-4/lib/python3.10/site-packages (from torch-geometric>=2.3.0->compressai) (2.0.2)
Requirement already satisfied: attrs>=17.3.0 in /apps/sw/miniconda/envs/ai-4/lib/python3.10/site-packages (from aiohttp->torch-geometric>=2.3.0->compressai) (22.1.0)
Requirement already satisfied: charset-normalizer<4.0,>=2.0 in /apps/sw/miniconda/envs/ai-4/lib/python3.10/site-packages (from aiohttp->torch-geometric>=2.3.0->compressai) (2.0.4)
Requirement already satisfied: multidict<7.0,>=4.5 in /apps/sw/miniconda/envs/ai-4/lib/python3.10/site-packages (from aiohttp->torch-geometric>=2.3.0->compressai) (6.0.2)
Requirement already satisfied: async-timeout<5.0,>=4.0.0a3 in /apps/sw/miniconda/envs/ai-4/lib/python3.10/site-packages (from aiohttp->torch-geometric>=2.3.0->compressai) (4.0.2)
Requirement already satisfied: yarl<2.0,>=1.0 in /apps/sw/miniconda/envs/ai-4/lib/python3.10/site-packages (from aiohttp->torch-geometric>=2.3.0->compressai) (1.8.1)
Requirement already satisfied: frozenlist>=1.1.1 in /apps/sw/miniconda/envs/ai-4/lib/python3.10/site-packages (from aiohttp->torch-geometric>=2.3.0->compressai) (1.3.3)
Requirement already satisfied: aiosignal>=1.1.2 in /apps/sw/miniconda/envs/ai-4/lib/python3.10/site-packages (from aiohttp->torch-geometric>=2.3.0->compressai) (1.2.0)
Requirement already satisfied: idna>=2.0 in /apps/sw/miniconda/envs/ai-4/lib/python3.10/site-packages (from yarl<2.0,>=1.0->aiohttp->torch-geometric>=2.3.0->compressai) (3.4)
Requirement already satisfied: MarkupSafe>=2.0 in /apps/sw/miniconda/envs/ai-4/lib/python3.10/site-packages (from jinja2->torch>=1.13.1->compressai) (2.1.1)
Requirement already satisfied: contourpy>=1.0.1 in /apps/sw/miniconda/envs/ai-4/lib/python3.10/site-packages (from matplotlib->compressai) (1.0.5)
Requirement already satisfied: cycler>=0.10 in /apps/sw/miniconda/envs/ai-4/lib/python3.10/site-packages (from matplotlib->compressai) (0.11.0)
Requirement already satisfied: fonttools>=4.22.0 in /apps/sw/miniconda/envs/ai-4/lib/python3.10/site-packages (from matplotlib->compressai) (4.25.0)
Requirement already satisfied: kiwisolver>=1.0.1 in /apps/sw/miniconda/envs/ai-4/lib/python3.10/site-packages (from matplotlib->compressai) (1.4.4)
Requirement already satisfied: packaging>=20.0 in /apps/sw/miniconda/envs/ai-4/lib/python3.10/site-packages (from matplotlib->compressai) (23.1)
Requirement already satisfied: pillow>=6.2.0 in /apps/sw/miniconda/envs/ai-4/lib/python3.10/site-packages (from matplotlib->compressai) (9.4.0)
Requirement already satisfied: python-dateutil>=2.7 in /apps/sw/miniconda/envs/ai-4/lib/python3.10/site-packages (from matplotlib->compressai) (2.8.2)
Requirement already satisfied: six>=1.5 in /apps/sw/miniconda/envs/ai-4/lib/python3.10/site-packages (from python-dateutil>=2.7->matplotlib->compressai) (1.16.0)
Requirement already satisfied: pytz>=2020.1 in /apps/sw/miniconda/envs/ai-4/lib/python3.10/site-packages (from pandas->compressai) (2023.3.post1)
Requirement already satisfied: tzdata>=2022.1 in /apps/sw/miniconda/envs/ai-4/lib/python3.10/site-packages (from pandas->compressai) (2023.3)
Requirement already satisfied: urllib3<3,>=1.21.1 in /apps/sw/miniconda/envs/ai-4/lib/python3.10/site-packages (from requests->torch-geometric>=2.3.0->compressai) (1.26.16)
Requirement already satisfied: certifi>=2017.4.17 in /apps/sw/miniconda/envs/ai-4/lib/python3.10/site-packages (from requests->torch-geometric>=2.3.0->compressai) (2023.11.17)
Requirement already satisfied: mpmath>=0.19 in /apps/sw/miniconda/envs/ai-4/lib/python3.10/site-packages (from sympy->torch>=1.13.1->compressai) (1.3.0)

[notice] A new release of pip is available: 25.1.1 -> 26.0.1
[notice] To update, run: pip install --upgrade pip
Dataset: Loaded 20000 images (Starting from index 20000)
Distillation: Student(96ch) -> Teacher(320ch)
Resuming training from: ./checkpoints/student_epoch_1_imgs_20000.pth

--- Starting Epoch 2 (Focus: Image Quality) ---
Epoch 2 [0/2500] | Loss: 6.7926 | MSE: 0.00095
Epoch 2 [20/2500] | Loss: 18.2942 | MSE: 0.00431
Epoch 2 [40/2500] | Loss: 9.6199 | MSE: 0.00169
Epoch 2 [60/2500] | Loss: 8.2624 | MSE: 0.00119
Epoch 2 [80/2500] | Loss: 8.2458 | MSE: 0.00100
Epoch 2 [100/2500] | Loss: 10.8825 | MSE: 0.00165
Epoch 2 [120/2500] | Loss: 11.1072 | MSE: 0.00158
Epoch 2 [140/2500] | Loss: 8.9896 | MSE: 0.00147
Epoch 2 [160/2500] | Loss: 9.0867 | MSE: 0.00162
Epoch 2 [180/2500] | Loss: 14.6213 | MSE: 0.00289
Epoch 2 [200/2500] | Loss: 12.8491 | MSE: 0.00205
Epoch 2 [220/2500] | Loss: 7.4090 | MSE: 0.00098
Epoch 2 [240/2500] | Loss: 10.2127 | MSE: 0.00132
Epoch 2 [260/2500] | Loss: 10.2797 | MSE: 0.00149
Epoch 2 [280/2500] | Loss: 11.9695 | MSE: 0.00127
Epoch 2 [300/2500] | Loss: 8.4275 | MSE: 0.00173
Epoch 2 [320/2500] | Loss: 6.4136 | MSE: 0.00105
Epoch 2 [340/2500] | Loss: 11.8132 | MSE: 0.00191
Epoch 2 [360/2500] | Loss: 7.2924 | MSE: 0.00106
Epoch 2 [380/2500] | Loss: 8.8127 | MSE: 0.00129
Epoch 2 [400/2500] | Loss: 9.2842 | MSE: 0.00141
Epoch 2 [420/2500] | Loss: 8.9852 | MSE: 0.00111
Epoch 2 [440/2500] | Loss: 9.1319 | MSE: 0.00192
Epoch 2 [460/2500] | Loss: 7.7308 | MSE: 0.00122
Epoch 2 [480/2500] | Loss: 8.1142 | MSE: 0.00140
Epoch 2 [500/2500] | Loss: 8.1135 | MSE: 0.00166
Epoch 2 [520/2500] | Loss: 8.5682 | MSE: 0.00139
Epoch 2 [540/2500] | Loss: 13.3690 | MSE: 0.00273
Epoch 2 [560/2500] | Loss: 13.5649 | MSE: 0.00294
Epoch 2 [580/2500] | Loss: 11.4767 | MSE: 0.00224
Epoch 2 [600/2500] | Loss: 5.9185 | MSE: 0.00098
Epoch 2 [620/2500] | Loss: 8.1015 | MSE: 0.00146
Epoch 2 [640/2500] | Loss: 5.9997 | MSE: 0.00113
Epoch 2 [660/2500] | Loss: 10.4441 | MSE: 0.00210
Epoch 2 [680/2500] | Loss: 9.7431 | MSE: 0.00188
Epoch 2 [700/2500] | Loss: 8.0065 | MSE: 0.00176
Epoch 2 [720/2500] | Loss: 6.7394 | MSE: 0.00137
Epoch 2 [740/2500] | Loss: 8.8880 | MSE: 0.00177
Epoch 2 [760/2500] | Loss: 8.7055 | MSE: 0.00181
Epoch 2 [780/2500] | Loss: 6.6635 | MSE: 0.00129
Epoch 2 [800/2500] | Loss: 7.0021 | MSE: 0.00129
Epoch 2 [820/2500] | Loss: 13.6099 | MSE: 0.00338
Epoch 2 [840/2500] | Loss: 22.8240 | MSE: 0.00539
Epoch 2 [860/2500] | Loss: 11.5847 | MSE: 0.00221
Epoch 2 [880/2500] | Loss: 7.7196 | MSE: 0.00134
Epoch 2 [900/2500] | Loss: 10.7513 | MSE: 0.00251
Epoch 2 [920/2500] | Loss: 6.3547 | MSE: 0.00109
Epoch 2 [940/2500] | Loss: 8.6104 | MSE: 0.00167
Epoch 2 [960/2500] | Loss: 10.6887 | MSE: 0.00248
Epoch 2 [980/2500] | Loss: 4.5540 | MSE: 0.00087
Epoch 2 [1000/2500] | Loss: 6.8864 | MSE: 0.00147
Epoch 2 [1020/2500] | Loss: 7.3814 | MSE: 0.00155
Epoch 2 [1040/2500] | Loss: 6.0680 | MSE: 0.00124
Epoch 2 [1060/2500] | Loss: 6.1627 | MSE: 0.00135
Epoch 2 [1080/2500] | Loss: 4.9323 | MSE: 0.00090
Epoch 2 [1100/2500] | Loss: 9.5147 | MSE: 0.00217
Epoch 2 [1120/2500] | Loss: 7.2842 | MSE: 0.00158
Epoch 2 [1140/2500] | Loss: 5.9680 | MSE: 0.00124
Epoch 2 [1160/2500] | Loss: 7.2201 | MSE: 0.00162
Epoch 2 [1180/2500] | Loss: 9.5428 | MSE: 0.00223
Epoch 2 [1200/2500] | Loss: 4.9302 | MSE: 0.00096
Epoch 2 [1220/2500] | Loss: 12.2350 | MSE: 0.00311
Epoch 2 [1240/2500] | Loss: 7.9106 | MSE: 0.00183
Epoch 2 [1260/2500] | Loss: 5.8540 | MSE: 0.00130
Epoch 2 [1280/2500] | Loss: 7.0891 | MSE: 0.00166
Epoch 2 [1300/2500] | Loss: 3.8681 | MSE: 0.00075
Epoch 2 [1320/2500] | Loss: 5.3872 | MSE: 0.00117
Epoch 2 [1340/2500] | Loss: 3.7546 | MSE: 0.00070
Epoch 2 [1360/2500] | Loss: 6.5445 | MSE: 0.00147
Epoch 2 [1380/2500] | Loss: 9.9102 | MSE: 0.00250
Epoch 2 [1400/2500] | Loss: 5.2938 | MSE: 0.00118
Epoch 2 [1420/2500] | Loss: 4.8220 | MSE: 0.00104
Epoch 2 [1440/2500] | Loss: 7.2970 | MSE: 0.00171
Epoch 2 [1460/2500] | Loss: 4.4384 | MSE: 0.00091
Epoch 2 [1480/2500] | Loss: 5.3994 | MSE: 0.00122
Epoch 2 [1500/2500] | Loss: 6.1404 | MSE: 0.00140
Epoch 2 [1520/2500] | Loss: 5.2336 | MSE: 0.00114
Epoch 2 [1540/2500] | Loss: 4.9109 | MSE: 0.00107
Epoch 2 [1560/2500] | Loss: 5.6067 | MSE: 0.00129
Epoch 2 [1580/2500] | Loss: 4.0447 | MSE: 0.00083
Epoch 2 [1600/2500] | Loss: 4.7909 | MSE: 0.00099
Epoch 2 [1620/2500] | Loss: 6.3501 | MSE: 0.00146
Epoch 2 [1640/2500] | Loss: 5.4847 | MSE: 0.00123
Epoch 2 [1660/2500] | Loss: 5.3217 | MSE: 0.00118
Epoch 2 [1680/2500] | Loss: 7.5463 | MSE: 0.00190
Epoch 2 [1700/2500] | Loss: 4.6428 | MSE: 0.00099
Epoch 2 [1720/2500] | Loss: 5.0447 | MSE: 0.00114
Epoch 2 [1740/2500] | Loss: 4.0966 | MSE: 0.00088
Epoch 2 [1760/2500] | Loss: 4.6946 | MSE: 0.00100
Epoch 2 [1780/2500] | Loss: 5.9303 | MSE: 0.00139
Epoch 2 [1800/2500] | Loss: 4.0551 | MSE: 0.00088
Epoch 2 [1820/2500] | Loss: 8.6978 | MSE: 0.00216
Epoch 2 [1840/2500] | Loss: 6.0903 | MSE: 0.00145
Epoch 2 [1860/2500] | Loss: 4.9922 | MSE: 0.00113
Epoch 2 [1880/2500] | Loss: 6.1079 | MSE: 0.00148
Epoch 2 [1900/2500] | Loss: 3.9201 | MSE: 0.00079
Epoch 2 [1920/2500] | Loss: 5.3497 | MSE: 0.00123
Epoch 2 [1940/2500] | Loss: 4.9370 | MSE: 0.00110
Epoch 2 [1960/2500] | Loss: 4.7045 | MSE: 0.00108
Epoch 2 [1980/2500] | Loss: 9.3143 | MSE: 0.00237
Epoch 2 [2000/2500] | Loss: 9.2614 | MSE: 0.00240
Epoch 2 [2020/2500] | Loss: 5.4619 | MSE: 0.00125
Epoch 2 [2040/2500] | Loss: 4.7509 | MSE: 0.00105
Epoch 2 [2060/2500] | Loss: 5.2967 | MSE: 0.00117
Epoch 2 [2080/2500] | Loss: 4.6258 | MSE: 0.00102
Epoch 2 [2100/2500] | Loss: 5.1820 | MSE: 0.00120
Epoch 2 [2120/2500] | Loss: 6.7112 | MSE: 0.00167
Epoch 2 [2140/2500] | Loss: 4.2281 | MSE: 0.00093
Epoch 2 [2160/2500] | Loss: 4.2411 | MSE: 0.00095
Epoch 2 [2180/2500] | Loss: 4.8083 | MSE: 0.00109
Epoch 2 [2200/2500] | Loss: 5.3540 | MSE: 0.00128
Epoch 2 [2220/2500] | Loss: 6.1120 | MSE: 0.00151
Epoch 2 [2240/2500] | Loss: 3.6377 | MSE: 0.00077
Epoch 2 [2260/2500] | Loss: 4.2526 | MSE: 0.00092
Epoch 2 [2280/2500] | Loss: 4.1312 | MSE: 0.00088
Epoch 2 [2300/2500] | Loss: 5.6953 | MSE: 0.00136
Epoch 2 [2320/2500] | Loss: 3.8171 | MSE: 0.00078
Epoch 2 [2340/2500] | Loss: 3.5190 | MSE: 0.00073
Epoch 2 [2360/2500] | Loss: 3.7538 | MSE: 0.00081
Epoch 2 [2380/2500] | Loss: 5.3196 | MSE: 0.00127
Epoch 2 [2400/2500] | Loss: 8.2560 | MSE: 0.00213
Epoch 2 [2420/2500] | Loss: 3.5951 | MSE: 0.00079
Epoch 2 [2440/2500] | Loss: 5.8472 | MSE: 0.00144
Epoch 2 [2460/2500] | Loss: 7.8233 | MSE: 0.00199
Epoch 2 [2480/2500] | Loss: 8.9794 | MSE: 0.00238
Checkpoint saved: ./checkpoints/student_epoch_2_imgs_40000.pth

--- Starting Epoch 3 (Focus: Image Quality) ---
Epoch 3 [0/2500] | Loss: 8.9702 | MSE: 0.00222
Epoch 3 [20/2500] | Loss: 9.4768 | MSE: 0.00251
Epoch 3 [40/2500] | Loss: 6.2119 | MSE: 0.00149
Epoch 3 [60/2500] | Loss: 6.9417 | MSE: 0.00173
Epoch 3 [80/2500] | Loss: 5.4966 | MSE: 0.00128
Epoch 3 [100/2500] | Loss: 2.5239 | MSE: 0.00046
Epoch 3 [120/2500] | Loss: 7.3230 | MSE: 0.00185
Epoch 3 [140/2500] | Loss: 3.3003 | MSE: 0.00068
Epoch 3 [160/2500] | Loss: 3.7580 | MSE: 0.00081
Epoch 3 [180/2500] | Loss: 9.7420 | MSE: 0.00258
Epoch 3 [200/2500] | Loss: 4.1156 | MSE: 0.00093
Epoch 3 [220/2500] | Loss: 4.2539 | MSE: 0.00097
Epoch 3 [240/2500] | Loss: 4.5318 | MSE: 0.00103
Epoch 3 [260/2500] | Loss: 9.5027 | MSE: 0.00253
Epoch 3 [280/2500] | Loss: 4.2290 | MSE: 0.00096
Epoch 3 [300/2500] | Loss: 4.2427 | MSE: 0.00096
Epoch 3 [320/2500] | Loss: 5.4974 | MSE: 0.00133
Epoch 3 [340/2500] | Loss: 3.6475 | MSE: 0.00080
Epoch 3 [360/2500] | Loss: 5.0686 | MSE: 0.00118
Epoch 3 [380/2500] | Loss: 3.3465 | MSE: 0.00071
Epoch 3 [400/2500] | Loss: 4.2714 | MSE: 0.00095
Epoch 3 [420/2500] | Loss: 11.8438 | MSE: 0.00323
Epoch 3 [440/2500] | Loss: 3.6209 | MSE: 0.00076
Epoch 3 [460/2500] | Loss: 5.2462 | MSE: 0.00126
Epoch 3 [480/2500] | Loss: 5.5009 | MSE: 0.00137
Epoch 3 [500/2500] | Loss: 4.4190 | MSE: 0.00101
Epoch 3 [520/2500] | Loss: 4.5797 | MSE: 0.00109
Epoch 3 [540/2500] | Loss: 6.5082 | MSE: 0.00164
Epoch 3 [560/2500] | Loss: 11.5736 | MSE: 0.00312
Epoch 3 [580/2500] | Loss: 3.3018 | MSE: 0.00069
Epoch 3 [600/2500] | Loss: 4.0565 | MSE: 0.00091
Epoch 3 [620/2500] | Loss: 5.2751 | MSE: 0.00127
Epoch 3 [640/2500] | Loss: 4.7077 | MSE: 0.00109
Epoch 3 [660/2500] | Loss: 4.2836 | MSE: 0.00097
Epoch 3 [680/2500] | Loss: 4.6420 | MSE: 0.00107
Epoch 3 [700/2500] | Loss: 3.5501 | MSE: 0.00078
Epoch 3 [720/2500] | Loss: 4.2968 | MSE: 0.00099
Epoch 3 [740/2500] | Loss: 6.6656 | MSE: 0.00170
Epoch 3 [760/2500] | Loss: 6.8170 | MSE: 0.00171
Epoch 3 [780/2500] | Loss: 5.1993 | MSE: 0.00123
Epoch 3 [800/2500] | Loss: 6.1626 | MSE: 0.00152
Epoch 3 [820/2500] | Loss: 2.5956 | MSE: 0.00052
Epoch 3 [840/2500] | Loss: 8.2794 | MSE: 0.00215
Epoch 3 [860/2500] | Loss: 3.2967 | MSE: 0.00072
Epoch 3 [880/2500] | Loss: 4.4516 | MSE: 0.00105
Epoch 3 [900/2500] | Loss: 3.8506 | MSE: 0.00085
Epoch 3 [920/2500] | Loss: 4.5828 | MSE: 0.00107
Epoch 3 [940/2500] | Loss: 4.1278 | MSE: 0.00095
Epoch 3 [960/2500] | Loss: 4.3454 | MSE: 0.00102
Epoch 3 [980/2500] | Loss: 6.0267 | MSE: 0.00150
Epoch 3 [1000/2500] | Loss: 6.2788 | MSE: 0.00157
Epoch 3 [1020/2500] | Loss: 4.0263 | MSE: 0.00093
Epoch 3 [1040/2500] | Loss: 4.5506 | MSE: 0.00108
Epoch 3 [1060/2500] | Loss: 3.2320 | MSE: 0.00070
Epoch 3 [1080/2500] | Loss: 3.8688 | MSE: 0.00088
Epoch 3 [1100/2500] | Loss: 7.2945 | MSE: 0.00189
Epoch 3 [1120/2500] | Loss: 4.8569 | MSE: 0.00118
Epoch 3 [1140/2500] | Loss: 4.8601 | MSE: 0.00116
Epoch 3 [1160/2500] | Loss: 5.6873 | MSE: 0.00143
Epoch 3 [1180/2500] | Loss: 6.2211 | MSE: 0.00156
Epoch 3 [1200/2500] | Loss: 3.3426 | MSE: 0.00071
Epoch 3 [1220/2500] | Loss: 2.8061 | MSE: 0.00058
Epoch 3 [1240/2500] | Loss: 3.9105 | MSE: 0.00087
Epoch 3 [1260/2500] | Loss: 4.9997 | MSE: 0.00122
Epoch 3 [1280/2500] | Loss: 3.7945 | MSE: 0.00085
Epoch 3 [1300/2500] | Loss: 4.2858 | MSE: 0.00101
Epoch 3 [1320/2500] | Loss: 7.4929 | MSE: 0.00196
Epoch 3 [1340/2500] | Loss: 3.6626 | MSE: 0.00084
Epoch 3 [1360/2500] | Loss: 3.1533 | MSE: 0.00068
Epoch 3 [1380/2500] | Loss: 4.9634 | MSE: 0.00122
Epoch 3 [1400/2500] | Loss: 4.6007 | MSE: 0.00109
Epoch 3 [1420/2500] | Loss: 4.2107 | MSE: 0.00097
Epoch 3 [1440/2500] | Loss: 4.1839 | MSE: 0.00097
Epoch 3 [1460/2500] | Loss: 2.9945 | MSE: 0.00063
Epoch 3 [1480/2500] | Loss: 5.9316 | MSE: 0.00152
Epoch 3 [1500/2500] | Loss: 7.4941 | MSE: 0.00200
Epoch 3 [1520/2500] | Loss: 25.0615 | MSE: 0.00680
Epoch 3 [1540/2500] | Loss: 12.3286 | MSE: 0.00325
Epoch 3 [1560/2500] | Loss: 6.9571 | MSE: 0.00154
Epoch 3 [1580/2500] | Loss: 8.1931 | MSE: 0.00214
Epoch 3 [1600/2500] | Loss: 16.6511 | MSE: 0.00442
Epoch 3 [1620/2500] | Loss: 14.9677 | MSE: 0.00398
Epoch 3 [1640/2500] | Loss: 4.5096 | MSE: 0.00095
Epoch 3 [1660/2500] | Loss: 6.1665 | MSE: 0.00146
Epoch 3 [1680/2500] | Loss: 3.4003 | MSE: 0.00070
Epoch 3 [1700/2500] | Loss: 13.3916 | MSE: 0.00368
Epoch 3 [1720/2500] | Loss: 6.8446 | MSE: 0.00172
Epoch 3 [1740/2500] | Loss: 5.0315 | MSE: 0.00122
Epoch 3 [1760/2500] | Loss: 4.2729 | MSE: 0.00100
Epoch 3 [1780/2500] | Loss: 5.3723 | MSE: 0.00133
Epoch 3 [1800/2500] | Loss: 2.4600 | MSE: 0.00048
Epoch 3 [1820/2500] | Loss: 5.8227 | MSE: 0.00143
Epoch 3 [1840/2500] | Loss: 4.9951 | MSE: 0.00122
Epoch 3 [1860/2500] | Loss: 3.7897 | MSE: 0.00082
Epoch 3 [1880/2500] | Loss: 4.4090 | MSE: 0.00105
Epoch 3 [1900/2500] | Loss: 4.0919 | MSE: 0.00094
Epoch 3 [1920/2500] | Loss: 3.4670 | MSE: 0.00078
Epoch 3 [1940/2500] | Loss: 3.5771 | MSE: 0.00078
Epoch 3 [1960/2500] | Loss: 4.5727 | MSE: 0.00110
Epoch 3 [1980/2500] | Loss: 5.0348 | MSE: 0.00124
Epoch 3 [2000/2500] | Loss: 3.3798 | MSE: 0.00074
Epoch 3 [2020/2500] | Loss: 4.0700 | MSE: 0.00096
Epoch 3 [2040/2500] | Loss: 6.8766 | MSE: 0.00180
Epoch 3 [2060/2500] | Loss: 7.7280 | MSE: 0.00203
Epoch 3 [2080/2500] | Loss: 3.9318 | MSE: 0.00091
Epoch 3 [2100/2500] | Loss: 4.6243 | MSE: 0.00110
Epoch 3 [2120/2500] | Loss: 3.5330 | MSE: 0.00077
Epoch 3 [2140/2500] | Loss: 3.9392 | MSE: 0.00091
Epoch 3 [2160/2500] | Loss: 4.5353 | MSE: 0.00108
Epoch 3 [2180/2500] | Loss: 3.3409 | MSE: 0.00076
Epoch 3 [2200/2500] | Loss: 4.2861 | MSE: 0.00101
Epoch 3 [2220/2500] | Loss: 5.3051 | MSE: 0.00134
Epoch 3 [2240/2500] | Loss: 4.6280 | MSE: 0.00112
Epoch 3 [2260/2500] | Loss: 3.4034 | MSE: 0.00077
Epoch 3 [2280/2500] | Loss: 3.2783 | MSE: 0.00072
Epoch 3 [2300/2500] | Loss: 4.0009 | MSE: 0.00094
Epoch 3 [2320/2500] | Loss: 4.9544 | MSE: 0.00119
Epoch 3 [2340/2500] | Loss: 2.6839 | MSE: 0.00056
Epoch 3 [2360/2500] | Loss: 3.9166 | MSE: 0.00092
Epoch 3 [2380/2500] | Loss: 2.7707 | MSE: 0.00059
Epoch 3 [2400/2500] | Loss: 3.9139 | MSE: 0.00093
Epoch 3 [2420/2500] | Loss: 3.1675 | MSE: 0.00070
Epoch 3 [2440/2500] | Loss: 4.6259 | MSE: 0.00114
Epoch 3 [2460/2500] | Loss: 2.7479 | MSE: 0.00058
Epoch 3 [2480/2500] | Loss: 2.1769 | MSE: 0.00040
Checkpoint saved: ./checkpoints/student_epoch_3_imgs_40000.pth

--- Starting Epoch 4 (Focus: Image Quality) ---
Epoch 4 [0/2500] | Loss: 4.4677 | MSE: 0.00109
Epoch 4 [20/2500] | Loss: 3.5958 | MSE: 0.00082
Epoch 4 [40/2500] | Loss: 3.4297 | MSE: 0.00076
Epoch 4 [60/2500] | Loss: 5.5189 | MSE: 0.00139
Epoch 4 [80/2500] | Loss: 6.5704 | MSE: 0.00172
Epoch 4 [100/2500] | Loss: 3.8285 | MSE: 0.00089
Epoch 4 [120/2500] | Loss: 3.3367 | MSE: 0.00077
Epoch 4 [140/2500] | Loss: 4.2846 | MSE: 0.00101
Epoch 4 [160/2500] | Loss: 4.4960 | MSE: 0.00109
Epoch 4 [180/2500] | Loss: 3.7299 | MSE: 0.00086
Epoch 4 [200/2500] | Loss: 3.4330 | MSE: 0.00077
Epoch 4 [220/2500] | Loss: 4.1067 | MSE: 0.00097
Epoch 4 [240/2500] | Loss: 3.1865 | MSE: 0.00071
Epoch 4 [260/2500] | Loss: 2.8200 | MSE: 0.00060
Epoch 4 [280/2500] | Loss: 2.3832 | MSE: 0.00046
Epoch 4 [300/2500] | Loss: 4.8637 | MSE: 0.00120
Epoch 4 [320/2500] | Loss: 3.9972 | MSE: 0.00094
Epoch 4 [340/2500] | Loss: 4.0058 | MSE: 0.00097
Epoch 4 [360/2500] | Loss: 5.0435 | MSE: 0.00125
Epoch 4 [380/2500] | Loss: 3.9036 | MSE: 0.00092
Epoch 4 [400/2500] | Loss: 2.9190 | MSE: 0.00063
Epoch 4 [420/2500] | Loss: 3.1100 | MSE: 0.00070
Epoch 4 [440/2500] | Loss: 4.2223 | MSE: 0.00102
Epoch 4 [460/2500] | Loss: 4.1012 | MSE: 0.00100
Epoch 4 [480/2500] | Loss: 3.8614 | MSE: 0.00092
Epoch 4 [500/2500] | Loss: 3.8513 | MSE: 0.00091
Epoch 4 [520/2500] | Loss: 4.1978 | MSE: 0.00101
Epoch 4 [540/2500] | Loss: 2.9282 | MSE: 0.00063
Epoch 4 [560/2500] | Loss: 3.6695 | MSE: 0.00085
Epoch 4 [580/2500] | Loss: 2.9909 | MSE: 0.00066
Epoch 4 [600/2500] | Loss: 5.0794 | MSE: 0.00127
Epoch 4 [620/2500] | Loss: 3.1759 | MSE: 0.00070
Epoch 4 [640/2500] | Loss: 3.4224 | MSE: 0.00079
Epoch 4 [660/2500] | Loss: 4.4609 | MSE: 0.00109
Epoch 4 [680/2500] | Loss: 2.8002 | MSE: 0.00060
Epoch 4 [700/2500] | Loss: 3.0428 | MSE: 0.00069
Epoch 4 [720/2500] | Loss: 2.4940 | MSE: 0.00051
Epoch 4 [740/2500] | Loss: 5.3810 | MSE: 0.00137
Epoch 4 [760/2500] | Loss: 4.0983 | MSE: 0.00098
Epoch 4 [780/2500] | Loss: 3.2394 | MSE: 0.00073
Epoch 4 [800/2500] | Loss: 6.8867 | MSE: 0.00181
Epoch 4 [820/2500] | Loss: 3.2398 | MSE: 0.00074
Epoch 4 [840/2500] | Loss: 2.9429 | MSE: 0.00066
Epoch 4 [860/2500] | Loss: 3.5319 | MSE: 0.00080
Epoch 4 [880/2500] | Loss: 3.4342 | MSE: 0.00079
Epoch 4 [900/2500] | Loss: 3.8532 | MSE: 0.00092
Epoch 4 [920/2500] | Loss: 2.9193 | MSE: 0.00062
Epoch 4 [940/2500] | Loss: 2.6132 | MSE: 0.00055
Epoch 4 [960/2500] | Loss: 2.8287 | MSE: 0.00062
Epoch 4 [980/2500] | Loss: 2.5482 | MSE: 0.00055
Epoch 4 [1000/2500] | Loss: 3.4449 | MSE: 0.00080
Epoch 4 [1020/2500] | Loss: 3.7502 | MSE: 0.00088
Epoch 4 [1040/2500] | Loss: 4.1810 | MSE: 0.00102
Epoch 4 [1060/2500] | Loss: 7.0242 | MSE: 0.00185
Epoch 4 [1080/2500] | Loss: 4.5191 | MSE: 0.00110
Epoch 4 [1100/2500] | Loss: 3.0829 | MSE: 0.00066
Epoch 4 [1120/2500] | Loss: 2.9568 | MSE: 0.00065
Epoch 4 [1140/2500] | Loss: 3.2426 | MSE: 0.00075
Epoch 4 [1160/2500] | Loss: 4.3705 | MSE: 0.00108
Epoch 4 [1180/2500] | Loss: 3.3795 | MSE: 0.00078
Epoch 4 [1200/2500] | Loss: 7.2554 | MSE: 0.00192
Epoch 4 [1220/2500] | Loss: 3.4948 | MSE: 0.00081
Epoch 4 [1240/2500] | Loss: 2.4725 | MSE: 0.00052
Epoch 4 [1260/2500] | Loss: 4.3757 | MSE: 0.00106
Epoch 4 [1280/2500] | Loss: 4.8188 | MSE: 0.00122
Epoch 4 [1300/2500] | Loss: 3.0207 | MSE: 0.00069
Epoch 4 [1320/2500] | Loss: 3.8963 | MSE: 0.00093
Epoch 4 [1340/2500] | Loss: 3.4722 | MSE: 0.00079
Epoch 4 [1360/2500] | Loss: 3.1195 | MSE: 0.00069
Epoch 4 [1380/2500] | Loss: 9.0122 | MSE: 0.00246
Epoch 4 [1400/2500] | Loss: 3.0087 | MSE: 0.00069
Epoch 4 [1420/2500] | Loss: 3.0638 | MSE: 0.00068
Epoch 4 [1440/2500] | Loss: 3.2117 | MSE: 0.00073
Epoch 4 [1460/2500] | Loss: 3.4102 | MSE: 0.00080
Epoch 4 [1480/2500] | Loss: 4.4912 | MSE: 0.00115
Epoch 4 [1500/2500] | Loss: 5.8321 | MSE: 0.00152
Epoch 4 [1520/2500] | Loss: 4.3684 | MSE: 0.00106
Epoch 4 [1540/2500] | Loss: 2.9202 | MSE: 0.00064
Epoch 4 [1560/2500] | Loss: 4.1459 | MSE: 0.00101
Epoch 4 [1580/2500] | Loss: 4.0711 | MSE: 0.00099
Epoch 4 [1600/2500] | Loss: 3.3826 | MSE: 0.00078
Epoch 4 [1620/2500] | Loss: 2.6814 | MSE: 0.00058
Epoch 4 [1640/2500] | Loss: 2.1208 | MSE: 0.00043
Epoch 4 [1660/2500] | Loss: 4.4852 | MSE: 0.00111
Epoch 4 [1680/2500] | Loss: 2.2576 | MSE: 0.00047
Epoch 4 [1700/2500] | Loss: 3.2773 | MSE: 0.00076
Epoch 4 [1720/2500] | Loss: 3.2873 | MSE: 0.00075
Epoch 4 [1740/2500] | Loss: 2.8471 | MSE: 0.00062
Epoch 4 [1760/2500] | Loss: 3.3876 | MSE: 0.00079
Epoch 4 [1780/2500] | Loss: 2.8807 | MSE: 0.00064
Epoch 4 [1800/2500] | Loss: 5.6815 | MSE: 0.00146
Epoch 4 [1820/2500] | Loss: 2.2716 | MSE: 0.00045
Epoch 4 [1840/2500] | Loss: 3.3992 | MSE: 0.00080
Epoch 4 [1860/2500] | Loss: 3.2207 | MSE: 0.00073
Epoch 4 [1880/2500] | Loss: 4.0305 | MSE: 0.00099
Epoch 4 [1900/2500] | Loss: 2.8000 | MSE: 0.00060
Epoch 4 [1920/2500] | Loss: 3.6772 | MSE: 0.00087
Epoch 4 [1940/2500] | Loss: 4.5043 | MSE: 0.00113
Epoch 4 [1960/2500] | Loss: 3.7534 | MSE: 0.00090
Epoch 4 [1980/2500] | Loss: 3.2909 | MSE: 0.00076
Epoch 4 [2000/2500] | Loss: 4.2980 | MSE: 0.00105
Epoch 4 [2020/2500] | Loss: 4.1976 | MSE: 0.00102
Epoch 4 [2040/2500] | Loss: 4.1313 | MSE: 0.00101
Epoch 4 [2060/2500] | Loss: 2.8264 | MSE: 0.00062
Epoch 4 [2080/2500] | Loss: 4.2663 | MSE: 0.00104
Epoch 4 [2100/2500] | Loss: 3.3382 | MSE: 0.00078
Epoch 4 [2120/2500] | Loss: 4.0575 | MSE: 0.00099
Epoch 4 [2140/2500] | Loss: 3.6091 | MSE: 0.00086
Epoch 4 [2160/2500] | Loss: 2.6481 | MSE: 0.00058
Epoch 4 [2180/2500] | Loss: 5.9388 | MSE: 0.00156
Epoch 4 [2200/2500] | Loss: 4.1093 | MSE: 0.00097
Epoch 4 [2220/2500] | Loss: 5.8990 | MSE: 0.00152
Epoch 4 [2240/2500] | Loss: 3.3747 | MSE: 0.00077
Epoch 4 [2260/2500] | Loss: 4.1391 | MSE: 0.00103
Epoch 4 [2280/2500] | Loss: 4.1773 | MSE: 0.00103
Epoch 4 [2300/2500] | Loss: 2.9052 | MSE: 0.00064
Epoch 4 [2320/2500] | Loss: 2.1654 | MSE: 0.00046
Epoch 4 [2340/2500] | Loss: 3.6949 | MSE: 0.00088
Epoch 4 [2360/2500] | Loss: 2.3323 | MSE: 0.00049
Epoch 4 [2380/2500] | Loss: 7.5602 | MSE: 0.00204
Epoch 4 [2400/2500] | Loss: 5.7030 | MSE: 0.00148
Epoch 4 [2420/2500] | Loss: 3.9446 | MSE: 0.00098
Epoch 4 [2440/2500] | Loss: 3.8806 | MSE: 0.00095
Epoch 4 [2460/2500] | Loss: 3.3125 | MSE: 0.00079
Epoch 4 [2480/2500] | Loss: 2.3435 | MSE: 0.00049
Checkpoint saved: ./checkpoints/student_epoch_4_imgs_40000.pth
